#
# A fatal error has been detected by the Java Runtime Environment:
#
#  EXCEPTION_ACCESS_VIOLATION (0xc0000005) at pc=0x00007ffd25fa26c4, pid=5368, tid=6652
#
# JRE version: Java(TM) SE Runtime Environment (24.0.1+9) (build 24.0.1+9-30)
# Java VM: Java HotSpot(TM) 64-Bit Server VM (24.0.1+9-30, mixed mode, emulated-client, sharing, tiered, compressed oops, compressed class ptrs, g1 gc, windows-amd64)
# Problematic frame:
# C  [libasyncProfiler.dll+0x926c4]
#
# No core dump will be written. Minidumps are not enabled by default on client versions of Windows
#
# If you would like to submit a bug report, please visit:
#   https://bugreport.java.com/bugreport/crash.jsp
# The crash happened outside the Java Virtual Machine in native code.
# See problematic frame for where to report the bug.
#

---------------  S U M M A R Y ------------

Command Line: -agentlib:jdwp=transport=dt_socket,address=127.0.0.1:63964,suspend=y,server=n -javaagent:C:\Users\Admin\AppData\Local\JetBrains\IntelliJIdea2025.1\captureAgent\debugger-agent.jar=file:///C:/Users/Admin/AppData/Local/Temp/capture5770819427951054116.props -agentpath:C:\Users\Admin\AppData\Local\Temp\idea_libasyncProfiler_dll_temp_folder11\libasyncProfiler.dll=version,jfr,event=wall,interval=10ms,cstack=no,file=C:\Users\Admin\IdeaSnapshots\SchoolMedicalManagementSystemApplication_2025_06_30_204453.jfr,dbghelppath=C:\Users\Admin\AppData\Local\Temp\idea_dbghelp_dll_temp_folder1\dbghelp.dll,log=C:\Users\Admin\AppData\Local\Temp\SchoolMedicalManagementSystemApplication_2025_06_30_204453.jfr.log.txt,logLevel=DEBUG -XX:TieredStopAtLevel=1 -Dspring.output.ansi.enabled=always -Dcom.sun.management.jmxremote -Dspring.jmx.enabled=true -Dspring.liveBeansView.mbeanDomain -Dspring.application.admin.enabled=true -Dmanagement.endpoints.jmx.exposure.include=* -Dkotlinx.coroutines.debug.enable.creation.stack.trace=false -Ddebugger.agent.enable.coroutines=true -Dkotlinx.coroutines.debug.enable.flows.stack.trace=true -Dkotlinx.coroutines.debug.enable.mutable.state.flows.stack.trace=true -Dfile.encoding=UTF-8 -Dsun.stdout.encoding=UTF-8 -Dsun.stderr.encoding=UTF-8 com.team_3.School_Medical_Management_System.SchoolMedicalManagementSystemApplication

Host: Intel(R) Core(TM) Ultra 5 125H, 18 cores, 15G,  Windows 11 , 64 bit Build 26100 (10.0.26100.4484)
Time: Mon Jun 30 20:47:08 2025 SE Asia Standard Time elapsed time: 135.321760 seconds (0d 0h 2m 15s)

---------------  T H R E A D  ---------------

Current thread (0x00000225a32a3c00):  JavaThread "Attach Listener" daemon [_thread_in_native, id=6652, stack(0x000000fb98c00000,0x000000fb98d00000) (1024K)]

Stack: [0x000000fb98c00000,0x000000fb98d00000],  sp=0x000000fb98cfef40,  free space=1019k
Native frames: (J=compiled Java code, j=interpreted, Vv=VM code, C=native code)
C  [libasyncProfiler.dll+0x926c4]  (no source info available)
C  [libasyncProfiler.dll+0x92b9b]  (no source info available)
C  [libasyncProfiler.dll+0x917f4]  (no source info available)
C  [libasyncProfiler.dll+0x9206a]  (no source info available)
C  [libasyncProfiler.dll+0x8cc21]  (no source info available)
C  [libasyncProfiler.dll+0x7e5e1]  (no source info available)
C  [libasyncProfiler.dll+0x7d2f8]  (no source info available)
C  [libasyncProfiler.dll+0x7d1e0]  (no source info available)
C  [libasyncProfiler.dll+0x841b9]  (no source info available)
V  [jvm.dll+0x57eff7]  (no source info available)
V  [jvm.dll+0x57fdac]  (no source info available)
V  [jvm.dll+0x14ca17]  (no source info available)
V  [jvm.dll+0x14dfe1]  (no source info available)
V  [jvm.dll+0x42f456]  (no source info available)
V  [jvm.dll+0x87d76b]  (no source info available)
V  [jvm.dll+0x72ee55]  (no source info available)
C  [ucrtbase.dll+0x37b0]  (no source info available)
C  [KERNEL32.DLL+0x2e8d7]  (no source info available)
C  [ntdll.dll+0x3c34c]  (no source info available)


siginfo: EXCEPTION_ACCESS_VIOLATION (0xc0000005), reading address 0xffffffffffffffff


Registers:
RAX=0x0000000000000010, RBX=0x0000000000000000, RCX=0xffffffffffffffff, RDX=0x007ffcdbe8301010
RSP=0x000000fb98cfef40, RBP=0x00000225eabdefa0, RSI=0x000000fb98cff0b0, RDI=0x00000225eabdefa0
R8 =0x0000000000000042, R9 =0x00000007066012f0, R10=0x00007ffcdc0f9fb0, R11=0x0000000000000068
R12=0x000000fb98cff0b0, R13=0x000002258c17b200, R14=0x00000225a32a3fc8, R15=0x00000225a32a3fc8
RIP=0x00007ffd25fa26c4, EFLAGS=0x0000000000010202

XMM[0]=0x0000000000000000 0x0000000000000000
XMM[1]=0x0000000000000000 0x0000000000000000
XMM[2]=0x0000000000000000 0x0000000000000000
XMM[3]=0x0000000000000000 0x0000000000000000
XMM[4]=0x0000000000000000 0x0000000000000000
XMM[5]=0x0000000000000000 0x0000000000000000
XMM[6]=0x0000000000000000 0x0000000000000000
XMM[7]=0x0000000000000000 0x0000000000000000
XMM[8]=0x0000000000000000 0x0000000000000000
XMM[9]=0x0000000000000000 0x0000000000000000
XMM[10]=0x0000000000000000 0x0000000000000000
XMM[11]=0x0000000000000000 0x0000000000000000
XMM[12]=0x0000000000000000 0x0000000000000000
XMM[13]=0x0000000000000000 0x0000000000000000
XMM[14]=0x0000000000000000 0x0000000000000000
XMM[15]=0x0000000000000000 0x0000000000000000
  MXCSR=0x00001fa0


Register to memory mapping:

RAX=0x0000000000000010 is an unknown value
RBX=0x0 is null
RCX=0xffffffffffffffff is an unknown value
RDX=0x007ffcdbe8301010 is an unknown value
RSP=0x000000fb98cfef40 is pointing into the stack for thread: 0x00000225a32a3c00
RBP=0x00000225eabdefa0 points into unknown readable memory: 0x00000007066012f0 | f0 12 60 06 07 00 00 00
RSI=0x000000fb98cff0b0 is pointing into the stack for thread: 0x00000225a32a3c00
RDI=0x00000225eabdefa0 points into unknown readable memory: 0x00000007066012f0 | f0 12 60 06 07 00 00 00
R8 =0x0000000000000042 is an unknown value
R9 =0x00000007066012f0 is an oop: java.lang.ref.Reference$ReferenceHandler 
{0x00000007066012f0} - klass: 'java/lang/ref/Reference$ReferenceHandler' - flags: 

 - ---- fields (total size 14 words):
 - 'threadLocalRandomProbe' 'I' @12  0 (0x00000000)
 - private volatile 'eetop' 'J' @16  2360674483712 (0x00000225a329fe00)
 - private final 'tid' 'J' @24  15 (0x000000000000000f)
 - 'threadLocalRandomSeed' 'J' @32  0 (0x0000000000000000)
 - injected 'jvmti_thread_state' 'J' @40  2360675012096 (0x00000225a3320e00)
 - 'threadLocalRandomSecondarySeed' 'I' @48  0 (0x00000000)
 - injected 'jvmti_VTMS_transition_disable_count' 'I' @52  0 (0x00000000)
 - injected 'jfr_epoch' 'S' @56  0 (0x0000)
 - volatile 'interrupted' 'Z' @58  false (0x00)
 - injected 'jvmti_is_in_VTMS_transition' 'Z' @59  false (0x00)
 - private volatile 'name' 'Ljava/lang/String;' @60  "Reference Handler"{0x000000070701e4c0} (0xe0e03c98)
 - private volatile 'contextClassLoader' 'Ljava/lang/ClassLoader;' @64  null (0x00000000)
 - private final 'holder' 'Ljava/lang/Thread$FieldHolder;' @68  a 'java/lang/Thread$FieldHolder'{0x000000070701e498} (0xe0e03c93)
 - 'threadLocals' 'Ljava/lang/ThreadLocal$ThreadLocalMap;' @72  null (0x00000000)
 - 'inheritableThreadLocals' 'Ljava/lang/ThreadLocal$ThreadLocalMap;' @76  null (0x00000000)
 - private 'scopedValueBindings' 'Ljava/lang/Object;' @80  a 'java/lang/Class'{0x00000007066000f0} = 'java/lang/Thread' (0xe0cc001e)
 - final 'interruptLock' 'Ljava/lang/Object;' @84  a 'java/lang/Object'{0x000000070701e488} (0xe0e03c91)
 - private volatile 'parkBlocker' 'Ljava/lang/Object;' @88  null (0x00000000)
 - private 'nioBlocker' 'Lsun/nio/ch/Interruptible;' @92  null (0x00000000)
 - private 'cont' 'Ljdk/internal/vm/Continuation;' @96  null (0x00000000)
 - private volatile 'uncaughtExceptionHandler' 'Ljava/lang/Thread$UncaughtExceptionHandler;' @100  null (0x00000000)
 - private 'container' 'Ljdk/internal/vm/ThreadContainer;' @104  null (0x00000000)
 - private volatile 'headStackableScopes' 'Ljdk/internal/vm/StackableScope;' @108  null (0x00000000)
R10=0x00007ffcdc0f9fb0 jvm.dll
R11=0x0000000000000068 is an unknown value
R12=0x000000fb98cff0b0 is pointing into the stack for thread: 0x00000225a32a3c00
R13=0x000002258c17b200 points into unknown readable memory: 0x00007ffcdc06a510 | 10 a5 06 dc fc 7f 00 00
R14=0x00000225a32a3fc8 points into unknown readable memory: 0x00007ffcdc0617b0 | b0 17 06 dc fc 7f 00 00
R15=0x00000225a32a3fc8 points into unknown readable memory: 0x00007ffcdc0617b0 | b0 17 06 dc fc 7f 00 00

Top of Stack: (sp=0x000000fb98cfef40)
0x000000fb98cfef40:   000000fb98cff0b0 00000225eabdefa0   ............%...
0x000000fb98cfef50:   0000000000000000 00000225a32a4350   ........PC*.%...
0x000000fb98cfef60:   000000000000003d 00007ffd25fa2b9b   =........+.%....
0x000000fb98cfef70:   0000000000000000 00000225a32a3fc8   .........?*.%...
0x000000fb98cfef80:   000000fb98cff001 0000000000000000   ................
0x000000fb98cfef90:   00000225ef7258c0 00007ffd25fa17f4   .Xr.%......%....
0x000000fb98cfefa0:   0000000000000000 000000000000003d   ........=.......
0x000000fb98cfefb0:   0000000000000000 000000000000003d   ........=.......
0x000000fb98cfefc0:   0000002100000002 00000225f5a021e0   ....!....!..%...
0x000000fb98cfefd0:   00000225ef7258c0 00000225ef7259b4   .Xr.%....Yr.%...
0x000000fb98cfefe0:   00000225ef7259bc 000000000000473c   .Yr.%...<G......
0x000000fb98cfeff0:   0000000000000000 0000000000000000   ................
0x000000fb98cff000:   0000000000000000 00007ffcdb8c57d4   .........W......
0x000000fb98cff010:   00007ffd260e4ca0 00000000000014f8   .L.&............
0x000000fb98cff020:   00007ffd260e4ca0 00000000ffffffff   .L.&............
0x000000fb98cff030:   0000000000000000 00007ffd25fa206a   ........j .%....
0x000000fb98cff040:   00000225a32a3fc8 0000000000000000   .?*.%...........
0x000000fb98cff050:   000000fb98cff0b9 000002258c17b200   ............%...
0x000000fb98cff060:   00007ffd4b9d88b0 00007ffd4b8b0139   ...K....9..K....
0x000000fb98cff070:   000000000000001b 00007ffd4bc1f559   ........Y..K....
0x000000fb98cff080:   00000225a32a3fc8 00007ffd260e4ca0   .?*.%....L.&....
0x000000fb98cff090:   000000000000000b 00007ffcdbb51712   ................
0x000000fb98cff0a0:   0000000000000000 00000225a32a3fc8   .........?*.%...
0x000000fb98cff0b0:   00000225eaa07d80 00000225eaa08520   .}..%... ...%...
0x000000fb98cff0c0:   00000225eaa08520 00007ffd260e4ca0    ...%....L.&....
0x000000fb98cff0d0:   000002258e64a978 000000fb98cff248   x.d.%...H.......
0x000000fb98cff0e0:   000000fb98cff380 0000000000008840   ........@.......
0x000000fb98cff0f0:   000000fb98cff560 00007ffd260e4cf0   `........L.&....
0x000000fb98cff100:   0000000000989680 0000000000989680   ................
0x000000fb98cff110:   000000fb98cff220 00007ffd25f9cc21    .......!..%....
0x000000fb98cff120:   00007ffd260e4ca0 00007ffd260e4cf8   .L.&.....L.&....
0x000000fb98cff130:   00007ffd00000000 003e755e00000001   ............^u>.

Instructions: (pc=0x00007ffd25fa26c4)
  0x00007ffd25fa25c4:   cc cc cc cc cc cc cc cc cc cc cc cc cc cc cc cc
  0x00007ffd25fa25d4:   cc cc cc cc cc cc cc cc cc cc cc cc cc cc cc cc
  0x00007ffd25fa25e4:   cc cc cc cc cc cc cc cc cc cc cc cc cc cc cc cc
  0x00007ffd25fa25f4:   cc cc cc cc cc cc cc cc cc cc cc cc cc cc cc cc
  0x00007ffd25fa2604:   cc cc cc cc cc cc cc cc cc cc cc cc cc cc cc cc
  0x00007ffd25fa2614:   cc cc cc cc cc cc cc cc cc cc cc cc cc cc cc cc
  0x00007ffd25fa2624:   cc cc cc cc cc cc cc cc cc cc cc cc cc cc cc cc
  0x00007ffd25fa2634:   cc cc cc cc cc cc cc cc cc cc cc cc cc cc cc cc
  0x00007ffd25fa2644:   cc cc cc cc cc cc cc cc cc cc cc cc 40 57 48 83
  0x00007ffd25fa2654:   ec 20 48 8b f9 48 8b 0d 10 28 14 00 48 85 c9 74
  0x00007ffd25fa2664:   20 48 8b 01 48 8d 54 24 38 41 b8 06 00 01 00 4c
  0x00007ffd25fa2674:   8b 48 30 41 ff d1 85 c0 75 07 48 8b 4c 24 38 eb
  0x00007ffd25fa2684:   02 33 c9 4c 8b 05 ea 28 14 00 48 89 5c 24 30 4d
  0x00007ffd25fa2694:   85 c0 74 4a 48 8b 01 48 8b d7 4c 8b 88 28 03 00
  0x00007ffd25fa26a4:   00 41 ff d1 48 85 c0 74 35 48 63 0d f8 e6 13 00
  0x00007ffd25fa26b4:   48 8b 14 01 48 85 d2 74 15 48 63 05 fc e6 13 00
=>0x00007ffd25fa26c4:   8b 04 10 48 8b 5c 24 30 48 83 c4 20 5f c3 b8 ff
  0x00007ffd25fa26d4:   ff ff ff 48 8b 5c 24 30 48 83 c4 20 5f c3 80 3d
  0x00007ffd25fa26e4:   9b 27 14 00 00 bb ff ff ff ff 74 20 4c 8b 0d 31
  0x00007ffd25fa26f4:   24 14 00 4c 8d 44 24 38 48 8b 0d 15 24 14 00 48
  0x00007ffd25fa2704:   8b d7 41 ff d1 85 c0 0f 44 5c 24 38 8b c3 48 8b
  0x00007ffd25fa2714:   5c 24 30 48 83 c4 20 5f c3 cc cc cc cc cc cc cc
  0x00007ffd25fa2724:   cc cc cc cc cc cc cc cc cc cc cc cc cc cc cc cc
  0x00007ffd25fa2734:   cc cc cc cc cc cc cc cc cc cc cc cc cc cc cc cc
  0x00007ffd25fa2744:   cc cc cc cc cc cc cc cc cc cc cc cc 48 89 54 24
  0x00007ffd25fa2754:   10 53 55 56 57 41 56 41 57 48 83 ec 28 48 8b f2
  0x00007ffd25fa2764:   4c 8b f1 48 89 4c 24 78 45 33 ff 44 89 7c 24 68
  0x00007ffd25fa2774:   c7 44 24 60 01 00 00 00 48 8d 4c 24 68 e8 ed 42
  0x00007ffd25fa2784:   f7 ff 8b d8 48 8d 4c 24 60 e8 e1 42 f7 ff 8b e8
  0x00007ffd25fa2794:   49 8b ce e8 00 fc f6 ff 48 8b f8 90 8b c3 f0 0f
  0x00007ffd25fa27a4:   b1 2f 74 04 f3 90 eb f4 4c 89 3e 4c 89 7e 08 4c
  0x00007ffd25fa27b4:   89 7e 10 49 8b 6e 08 4d 8b 76 10 49 3b ee 0f 84


Stack slot to memory mapping:

stack at sp + 0 slots: 0x000000fb98cff0b0 is pointing into the stack for thread: 0x00000225a32a3c00
stack at sp + 1 slots: 0x00000225eabdefa0 points into unknown readable memory: 0x00000007066012f0 | f0 12 60 06 07 00 00 00
stack at sp + 2 slots: 0x0 is null
stack at sp + 3 slots: 0x00000225a32a4350 points into unknown readable memory: 0x6e616c2e6176616a | 6a 61 76 61 2e 6c 61 6e
stack at sp + 4 slots: 0x000000000000003d is an unknown value
stack at sp + 5 slots: 0x00007ffd25fa2b9b libasyncProfiler.dll
stack at sp + 6 slots: 0x0 is null
stack at sp + 7 slots: 0x00000225a32a3fc8 points into unknown readable memory: 0x00007ffcdc0617b0 | b0 17 06 dc fc 7f 00 00

Lock stack of current Java thread (top to bottom):


---------------  P R O C E S S  ---------------

Threads class SMR info:
_java_thread_list=0x00000225ea3c4d80, length=36, elements={
0x00000225a329fe00, 0x00000225a32a0540, 0x00000225a32a30d0, 0x00000225a32a3c00,
0x00000225a32a4950, 0x00000225a32a56a0, 0x00000225a32aa530, 0x00000225a3448a00,
0x00000225a3449360, 0x00000225a34774f0, 0x00000225a348c5d0, 0x00000225a34df650,
0x00000225a35c27d0, 0x00000225e9b3d950, 0x00000225ea582ac0, 0x00000225ec594b20,
0x00000225ec595270, 0x00000225ec592690, 0x00000225edc3c900, 0x00000225edc3e640,
0x00000225eec30a20, 0x00000225eaf79cb0, 0x00000225ebd18cf0, 0x00000225ef202e10,
0x00000225f544f8a0, 0x00000225f544fff0, 0x00000225f544e2b0, 0x00000225f544f150,
0x00000225f544ccc0, 0x00000225f544d410, 0x00000225f544ea00, 0x00000225f5450740,
0x00000225f5450e90, 0x00000225f544db60, 0x00000225f5453320, 0x00000225f5452bd0
}

Java Threads: ( => current thread )
  0x00000225a329fe00 JavaThread "Reference Handler"          daemon [_thread_blocked, id=21380, stack(0x000000fb98900000,0x000000fb98a00000) (1024K)]
  0x00000225a32a0540 JavaThread "Finalizer"                  daemon [_thread_blocked, id=16520, stack(0x000000fb98a00000,0x000000fb98b00000) (1024K)]
  0x00000225a32a30d0 JavaThread "Signal Dispatcher"          daemon [_thread_blocked, id=3548, stack(0x000000fb98b00000,0x000000fb98c00000) (1024K)]
=>0x00000225a32a3c00 JavaThread "Attach Listener"            daemon [_thread_in_native, id=6652, stack(0x000000fb98c00000,0x000000fb98d00000) (1024K)]
  0x00000225a32a4950 JavaThread "Service Thread"             daemon [_thread_blocked, id=23060, stack(0x000000fb98d00000,0x000000fb98e00000) (1024K)]
  0x00000225a32a56a0 JavaThread "Monitor Deflation Thread"   daemon [_thread_blocked, id=19704, stack(0x000000fb98e00000,0x000000fb98f00000) (1024K)]
  0x00000225a32aa530 JavaThread "C1 CompilerThread0"         daemon [_thread_blocked, id=16608, stack(0x000000fb98f00000,0x000000fb99000000) (1024K)]
  0x00000225a3448a00 JavaThread "JDWP Transport Listener: dt_socket" daemon [_thread_blocked, id=20572, stack(0x000000fb99200000,0x000000fb99300000) (1024K)]
  0x00000225a3449360 JavaThread "JDWP Event Helper Thread"   daemon [_thread_blocked, id=13756, stack(0x000000fb99300000,0x000000fb99400000) (1024K)]
  0x00000225a34774f0 JavaThread "JDWP Command Reader"        daemon [_thread_in_native, id=22772, stack(0x000000fb99400000,0x000000fb99500000) (1024K)]
  0x00000225a348c5d0 JavaThread "Common-Cleaner"             daemon [_thread_blocked, id=16152, stack(0x000000fb99500000,0x000000fb99600000) (1024K)]
  0x00000225a34df650 JavaThread "IntelliJ Suspend Helper"    daemon [_thread_blocked, id=5468, stack(0x000000fb99600000,0x000000fb99700000) (1024K)]
  0x00000225a35c27d0 JavaThread "Notification Thread"        daemon [_thread_blocked, id=12232, stack(0x000000fb99700000,0x000000fb99800000) (1024K)]
  0x00000225e9b3d950 JavaThread "RMI TCP Accept-0"           daemon [_thread_in_native, id=16592, stack(0x000000fb99900000,0x000000fb99a00000) (1024K)]
  0x00000225ea582ac0 JavaThread "RMI Scheduler(0)"           daemon [_thread_blocked, id=7856, stack(0x000000fb9b000000,0x000000fb9b100000) (1024K)]
  0x00000225ec594b20 JavaThread "Catalina-utility-1"                [_thread_blocked, id=932, stack(0x000000fb9ab00000,0x000000fb9ac00000) (1024K)]
  0x00000225ec595270 JavaThread "Catalina-utility-2"                [_thread_blocked, id=20976, stack(0x000000fb9b600000,0x000000fb9b700000) (1024K)]
  0x00000225ec592690 JavaThread "container-0"                       [_thread_blocked, id=4488, stack(0x000000fb9b700000,0x000000fb9b800000) (1024K)]
  0x00000225edc3c900 JavaThread "mssql-jdbc-shared-timer-core-0" daemon [_thread_blocked, id=21524, stack(0x000000fb9b900000,0x000000fb9ba00000) (1024K)]
  0x00000225edc3e640 JavaThread "HikariPool-1:housekeeper"   daemon [_thread_blocked, id=15500, stack(0x000000fb9ba00000,0x000000fb9bb00000) (1024K)]
  0x00000225eec30a20 JavaThread "File Watcher"               daemon [_thread_blocked, id=20684, stack(0x000000fb9bc00000,0x000000fb9bd00000) (1024K)]
  0x00000225eaf79cb0 JavaThread "Live Reload Server"         daemon [_thread_in_native, id=21584, stack(0x000000fb9be00000,0x000000fb9bf00000) (1024K)]
  0x00000225ebd18cf0 JavaThread "http-nio-8080-exec-1"       daemon [_thread_blocked, id=5828, stack(0x000000fb9bd00000,0x000000fb9be00000) (1024K)]
  0x00000225ef202e10 JavaThread "http-nio-8080-exec-2"       daemon [_thread_blocked, id=6948, stack(0x000000fb9bf00000,0x000000fb9c000000) (1024K)]
  0x00000225f544f8a0 JavaThread "http-nio-8080-exec-3"       daemon [_thread_blocked, id=14576, stack(0x000000fb9c000000,0x000000fb9c100000) (1024K)]
  0x00000225f544fff0 JavaThread "http-nio-8080-exec-4"       daemon [_thread_blocked, id=10368, stack(0x000000fb9c100000,0x000000fb9c200000) (1024K)]
  0x00000225f544e2b0 JavaThread "http-nio-8080-exec-5"       daemon [_thread_blocked, id=2340, stack(0x000000fb9c200000,0x000000fb9c300000) (1024K)]
  0x00000225f544f150 JavaThread "http-nio-8080-exec-6"       daemon [_thread_blocked, id=16972, stack(0x000000fb9c300000,0x000000fb9c400000) (1024K)]
  0x00000225f544ccc0 JavaThread "http-nio-8080-exec-7"       daemon [_thread_blocked, id=14532, stack(0x000000fb9c400000,0x000000fb9c500000) (1024K)]
  0x00000225f544d410 JavaThread "http-nio-8080-exec-8"       daemon [_thread_blocked, id=6032, stack(0x000000fb9c500000,0x000000fb9c600000) (1024K)]
  0x00000225f544ea00 JavaThread "http-nio-8080-exec-9"       daemon [_thread_blocked, id=15456, stack(0x000000fb9c600000,0x000000fb9c700000) (1024K)]
  0x00000225f5450740 JavaThread "http-nio-8080-exec-10"      daemon [_thread_blocked, id=12808, stack(0x000000fb9c700000,0x000000fb9c800000) (1024K)]
  0x00000225f5450e90 JavaThread "http-nio-8080-Poller"       daemon [_thread_in_native, id=13340, stack(0x000000fb9c800000,0x000000fb9c900000) (1024K)]
  0x00000225f544db60 JavaThread "http-nio-8080-Acceptor"     daemon [_thread_in_native, id=19224, stack(0x000000fb9c900000,0x000000fb9ca00000) (1024K)]
  0x00000225f5453320 JavaThread "DestroyJavaVM"                     [_thread_blocked, id=19328, stack(0x000000fb98100000,0x000000fb98200000) (1024K)]
  0x00000225f5452bd0 JavaThread "RMI TCP Connection(idle)"   daemon [_thread_blocked, id=18236, stack(0x000000fb99a00000,0x000000fb99b00000) (1024K)]
Total: 36

Other Threads:
  0x00000225a328cba0 VMThread "VM Thread"                           [id=20360, stack(0x000000fb98800000,0x000000fb98900000) (1024K)]
  0x000002258e343db0 WatcherThread "VM Periodic Task Thread"        [id=22752, stack(0x000000fb98700000,0x000000fb98800000) (1024K)]
  0x000002258e237920 WorkerThread "GC Thread#0"                     [id=11976, stack(0x000000fb98200000,0x000000fb98300000) (1024K)]
  0x00000225ea163330 WorkerThread "GC Thread#1"                     [id=19756, stack(0x000000fb99c00000,0x000000fb99d00000) (1024K)]
  0x00000225ea0dcac0 WorkerThread "GC Thread#2"                     [id=20420, stack(0x000000fb99d00000,0x000000fb99e00000) (1024K)]
  0x00000225e9efa580 WorkerThread "GC Thread#3"                     [id=19992, stack(0x000000fb99e00000,0x000000fb99f00000) (1024K)]
  0x00000225e9ccdfe0 WorkerThread "GC Thread#4"                     [id=5020, stack(0x000000fb99f00000,0x000000fb9a000000) (1024K)]
  0x00000225e9c816a0 WorkerThread "GC Thread#5"                     [id=20248, stack(0x000000fb9a000000,0x000000fb9a100000) (1024K)]
  0x00000225ea1f7f30 WorkerThread "GC Thread#6"                     [id=2976, stack(0x000000fb9a100000,0x000000fb9a200000) (1024K)]
  0x00000225ea1f8df0 WorkerThread "GC Thread#7"                     [id=15040, stack(0x000000fb9a200000,0x000000fb9a300000) (1024K)]
  0x00000225ea1f9550 WorkerThread "GC Thread#8"                     [id=10204, stack(0x000000fb9a300000,0x000000fb9a400000) (1024K)]
  0x00000225ea1f91a0 WorkerThread "GC Thread#9"                     [id=22508, stack(0x000000fb9a400000,0x000000fb9a500000) (1024K)]
  0x00000225ea1f7b80 WorkerThread "GC Thread#10"                    [id=6520, stack(0x000000fb9a500000,0x000000fb9a600000) (1024K)]
  0x00000225ea1f82e0 WorkerThread "GC Thread#11"                    [id=10548, stack(0x000000fb9a600000,0x000000fb9a700000) (1024K)]
  0x00000225ea1f8690 WorkerThread "GC Thread#12"                    [id=19428, stack(0x000000fb9a700000,0x000000fb9a800000) (1024K)]
  0x00000225ea1f8a40 WorkerThread "GC Thread#13"                    [id=12544, stack(0x000000fb9a800000,0x000000fb9a900000) (1024K)]
  0x000002258e24c0c0 ConcurrentGCThread "G1 Main Marker"            [id=9456, stack(0x000000fb98300000,0x000000fb98400000) (1024K)]
  0x000002258e24cae0 WorkerThread "G1 Conc#0"                       [id=14924, stack(0x000000fb98400000,0x000000fb98500000) (1024K)]
  0x00000225ea303c10 WorkerThread "G1 Conc#1"                       [id=22072, stack(0x000000fb9ac00000,0x000000fb9ad00000) (1024K)]
  0x00000225ea3029a0 WorkerThread "G1 Conc#2"                       [id=16068, stack(0x000000fb9ad00000,0x000000fb9ae00000) (1024K)]
  0x00000225ea3034b0 WorkerThread "G1 Conc#3"                       [id=2820, stack(0x000000fb9ae00000,0x000000fb9af00000) (1024K)]
  0x000002258e331070 ConcurrentGCThread "G1 Refine#0"               [id=8088, stack(0x000000fb98500000,0x000000fb98600000) (1024K)]
  0x000002258e3348c0 ConcurrentGCThread "G1 Service"                [id=22720, stack(0x000000fb98600000,0x000000fb98700000) (1024K)]
Total: 23

Threads with active compile tasks:
Total: 0

VM state: not at safepoint (normal execution)

VM Mutex/Monitor currently owned by a thread: None

Heap address: 0x0000000706200000, size: 3998 MB, Compressed Oops mode: Zero based, Oop shift amount: 3

CDS archive(s) mapped at: [0x00000225a4000000-0x00000225a4d40000-0x00000225a4d40000), size 13893632, SharedBaseAddress: 0x00000225a4000000, ArchiveRelocationMode: 1.
Compressed class space mapped at: 0x00000225a5000000-0x00000225e5000000, reserved size: 1073741824
UseCompressedClassPointers 1, UseCompactObjectHeaders 0
Narrow klass pointer bits 32, Max shift 3
Narrow klass base: 0x00000225a4000000, Narrow klass shift: 0
Encoding Range: [0x00000225a4000000 - 0x00000226a4000000), (4294967296 bytes)
Klass Range:    [0x00000225a4000000 - 0x00000225e5000000), (1090519040 bytes)
Klass ID Range:  [8 - 1090519033) (1090519025)

GC Precious Log:
 CardTable entry size: 512
 Card Set container configuration: InlinePtr #cards 4 size 8 Array Of Cards #cards 16 size 48 Howl #buckets 8 coarsen threshold 3686 Howl Bitmap #cards 512 size 80 coarsen threshold 460 Card regions per heap region 1 cards per card region 4096
 CPUs: 18 total, 18 available
 Memory: 15989M
 Large Page Support: Disabled
 NUMA Support: Disabled
 Compressed Oops: Enabled (Zero based)
 Heap Region Size: 2M
 Heap Min Capacity: 8M
 Heap Initial Capacity: 250M
 Heap Max Capacity: 3998M
 Pre-touch: Disabled
 Parallel Workers: 14
 Concurrent Workers: 4
 Concurrent Refinement Workers: 14
 Periodic GC: Disabled

Heap:
 garbage-first heap   total reserved 4093952K, committed 102400K, used 59454K [0x0000000706200000, 0x0000000800000000)
  region size 2048K, 8 young (16384K), 2 survivors (4096K)
 Metaspace       used 94522K, committed 95360K, reserved 1179648K
  class space    used 10823K, committed 11200K, reserved 1048576K

Heap Regions: E=young(eden), S=young(survivor), O=old, HS=humongous(starts), HC=humongous(continues), CS=collection set, F=free, TAMS=top-at-mark-start, PB=parsable bottom
|   0|0x0000000706200000, 0x0000000706400000, 0x0000000706400000|100%| O|  |TAMS 0x0000000706200000| PB 0x0000000706200000| Untracked |  0
|   1|0x0000000706400000, 0x0000000706600000, 0x0000000706600000|100%| O|  |TAMS 0x0000000706400000| PB 0x0000000706400000| Untracked |  0
|   2|0x0000000706600000, 0x0000000706800000, 0x0000000706800000|100%| O|  |TAMS 0x0000000706600000| PB 0x0000000706600000| Untracked |  0
|   3|0x0000000706800000, 0x0000000706a00000, 0x0000000706a00000|100%| O|  |TAMS 0x0000000706800000| PB 0x0000000706800000| Untracked |  0
|   4|0x0000000706a00000, 0x0000000706c00000, 0x0000000706c00000|100%| O|  |TAMS 0x0000000706a00000| PB 0x0000000706a00000| Untracked |  0
|   5|0x0000000706c00000, 0x0000000706e00000, 0x0000000706e00000|100%| O|  |TAMS 0x0000000706c00000| PB 0x0000000706c00000| Untracked |  0
|   6|0x0000000706e00000, 0x0000000707000000, 0x0000000707000000|100%| O|  |TAMS 0x0000000706e00000| PB 0x0000000706e00000| Untracked |  0
|   7|0x0000000707000000, 0x0000000707200000, 0x0000000707200000|100%| O|  |TAMS 0x0000000707000000| PB 0x0000000707000000| Untracked |  0
|   8|0x0000000707200000, 0x0000000707200000, 0x0000000707400000|  0%| F|  |TAMS 0x0000000707200000| PB 0x0000000707200000| Untracked |  0
|   9|0x0000000707400000, 0x0000000707600000, 0x0000000707600000|100%| O|  |TAMS 0x0000000707400000| PB 0x0000000707400000| Untracked |  0
|  10|0x0000000707600000, 0x0000000707800000, 0x0000000707800000|100%| O|  |TAMS 0x0000000707600000| PB 0x0000000707600000| Untracked |  0
|  11|0x0000000707800000, 0x0000000707a00000, 0x0000000707a00000|100%| O|  |TAMS 0x0000000707800000| PB 0x0000000707800000| Untracked |  0
|  12|0x0000000707a00000, 0x0000000707c00000, 0x0000000707c00000|100%| O|  |TAMS 0x0000000707a00000| PB 0x0000000707a00000| Untracked |  0
|  13|0x0000000707c00000, 0x0000000707e00000, 0x0000000707e00000|100%| O|  |TAMS 0x0000000707c00000| PB 0x0000000707c00000| Untracked |  0
|  14|0x0000000707e00000, 0x0000000708000000, 0x0000000708000000|100%| O|  |TAMS 0x0000000707e00000| PB 0x0000000707e00000| Untracked |  0
|  15|0x0000000708000000, 0x0000000708200000, 0x0000000708200000|100%| O|  |TAMS 0x0000000708000000| PB 0x0000000708000000| Untracked |  0
|  16|0x0000000708200000, 0x0000000708400000, 0x0000000708400000|100%| O|  |TAMS 0x0000000708200000| PB 0x0000000708200000| Untracked |  0
|  17|0x0000000708400000, 0x0000000708600000, 0x0000000708600000|100%| O|  |TAMS 0x0000000708400000| PB 0x0000000708400000| Untracked |  0
|  18|0x0000000708600000, 0x0000000708800000, 0x0000000708800000|100%| O|  |TAMS 0x0000000708600000| PB 0x0000000708600000| Untracked |  0
|  19|0x0000000708800000, 0x0000000708a00000, 0x0000000708a00000|100%| O|  |TAMS 0x0000000708800000| PB 0x0000000708800000| Untracked |  0
|  20|0x0000000708a00000, 0x0000000708c00000, 0x0000000708c00000|100%| O|  |TAMS 0x0000000708a00000| PB 0x0000000708a00000| Untracked |  0
|  21|0x0000000708c00000, 0x0000000708e00000, 0x0000000708e00000|100%| O|  |TAMS 0x0000000708c00000| PB 0x0000000708c00000| Untracked |  0
|  22|0x0000000708e00000, 0x0000000709000000, 0x0000000709000000|100%| O|  |TAMS 0x0000000708e00000| PB 0x0000000708e00000| Untracked |  0
|  23|0x0000000709000000, 0x0000000709200000, 0x0000000709200000|100%| O|  |TAMS 0x0000000709000000| PB 0x0000000709000000| Untracked |  0
|  24|0x0000000709200000, 0x00000007093d9d00, 0x0000000709400000| 92%| O|  |TAMS 0x0000000709200000| PB 0x0000000709200000| Untracked |  0
|  25|0x0000000709400000, 0x0000000709400000, 0x0000000709600000|  0%| F|  |TAMS 0x0000000709400000| PB 0x0000000709400000| Untracked |  0
|  26|0x0000000709600000, 0x0000000709600000, 0x0000000709800000|  0%| F|  |TAMS 0x0000000709600000| PB 0x0000000709600000| Untracked |  0
|  27|0x0000000709800000, 0x0000000709800000, 0x0000000709a00000|  0%| F|  |TAMS 0x0000000709800000| PB 0x0000000709800000| Untracked |  0
|  28|0x0000000709a00000, 0x0000000709a35e60, 0x0000000709c00000| 10%| S|CS|TAMS 0x0000000709a00000| PB 0x0000000709a00000| Complete |  0
|  29|0x0000000709c00000, 0x0000000709c00000, 0x0000000709e00000|  0%| F|  |TAMS 0x0000000709c00000| PB 0x0000000709c00000| Untracked |  0
|  30|0x0000000709e00000, 0x000000070a000000, 0x000000070a000000|100%| S|CS|TAMS 0x0000000709e00000| PB 0x0000000709e00000| Complete |  0
|  31|0x000000070a000000, 0x000000070a000000, 0x000000070a200000|  0%| F|  |TAMS 0x000000070a000000| PB 0x000000070a000000| Untracked |  0
|  32|0x000000070a200000, 0x000000070a200000, 0x000000070a400000|  0%| F|  |TAMS 0x000000070a200000| PB 0x000000070a200000| Untracked |  0
|  33|0x000000070a400000, 0x000000070a400000, 0x000000070a600000|  0%| F|  |TAMS 0x000000070a400000| PB 0x000000070a400000| Untracked |  0
|  34|0x000000070a600000, 0x000000070a600000, 0x000000070a800000|  0%| F|  |TAMS 0x000000070a600000| PB 0x000000070a600000| Untracked |  0
|  35|0x000000070a800000, 0x000000070a800000, 0x000000070aa00000|  0%| F|  |TAMS 0x000000070a800000| PB 0x000000070a800000| Untracked |  0
|  36|0x000000070aa00000, 0x000000070aa00000, 0x000000070ac00000|  0%| F|  |TAMS 0x000000070aa00000| PB 0x000000070aa00000| Untracked |  0
|  37|0x000000070ac00000, 0x000000070ac00000, 0x000000070ae00000|  0%| F|  |TAMS 0x000000070ac00000| PB 0x000000070ac00000| Untracked |  0
|  38|0x000000070ae00000, 0x000000070ae00000, 0x000000070b000000|  0%| F|  |TAMS 0x000000070ae00000| PB 0x000000070ae00000| Untracked |  0
|  39|0x000000070b000000, 0x000000070b000000, 0x000000070b200000|  0%| F|  |TAMS 0x000000070b000000| PB 0x000000070b000000| Untracked |  0
|  40|0x000000070b200000, 0x000000070b200000, 0x000000070b400000|  0%| F|  |TAMS 0x000000070b200000| PB 0x000000070b200000| Untracked |  0
|  41|0x000000070b400000, 0x000000070b400000, 0x000000070b600000|  0%| F|  |TAMS 0x000000070b400000| PB 0x000000070b400000| Untracked |  0
|  42|0x000000070b600000, 0x000000070b600000, 0x000000070b800000|  0%| F|  |TAMS 0x000000070b600000| PB 0x000000070b600000| Untracked |  0
|  97|0x0000000712400000, 0x0000000712400000, 0x0000000712600000|  0%| F|  |TAMS 0x0000000712400000| PB 0x0000000712400000| Untracked |  0
| 101|0x0000000712c00000, 0x0000000712d4b240, 0x0000000712e00000| 64%| E|  |TAMS 0x0000000712c00000| PB 0x0000000712c00000| Complete |  0
| 102|0x0000000712e00000, 0x0000000713000000, 0x0000000713000000|100%| E|CS|TAMS 0x0000000712e00000| PB 0x0000000712e00000| Complete |  0
| 103|0x0000000713000000, 0x0000000713200000, 0x0000000713200000|100%| E|CS|TAMS 0x0000000713000000| PB 0x0000000713000000| Complete |  0
| 104|0x0000000713200000, 0x0000000713400000, 0x0000000713400000|100%| E|  |TAMS 0x0000000713200000| PB 0x0000000713200000| Complete |  0
| 124|0x0000000715a00000, 0x0000000715c00000, 0x0000000715c00000|100%| E|CS|TAMS 0x0000000715a00000| PB 0x0000000715a00000| Complete |  0
|1998|0x00000007ffe00000, 0x0000000800000000, 0x0000000800000000|100%| E|CS|TAMS 0x00000007ffe00000| PB 0x00000007ffe00000| Complete |  0

Card table byte_map: [0x000002259bb60000,0x000002259c330000] _byte_map_base: 0x000002259832f000

Marking Bits: (CMBitMap*) 0x000002258e237f40
 Bits: [0x000002259c330000, 0x00000225a01a8000)

Polling page: 0x000002258c050000

Metaspace:

Usage:
  Non-class:     81.74 MB used.
      Class:     10.57 MB used.
       Both:     92.31 MB used.

Virtual space:
  Non-class space:      128.00 MB reserved,      82.19 MB ( 64%) committed,  2 nodes.
      Class space:        1.00 GB reserved,      10.94 MB (  1%) committed,  1 nodes.
             Both:        1.12 GB reserved,      93.12 MB (  8%) committed. 

Chunk freelists:
   Non-Class:  12.94 MB
       Class:  4.91 MB
        Both:  17.86 MB

MaxMetaspaceSize: unlimited
CompressedClassSpaceSize: 1.00 GB
Initial GC threshold: 21.00 MB
Current GC threshold: 140.31 MB
CDS: on
 - commit_granule_bytes: 65536.
 - commit_granule_words: 8192.
 - virtual_space_node_default_size: 8388608.
 - enlarge_chunks_in_place: 1.
UseCompressedClassPointers 1, UseCompactObjectHeaders 0
Narrow klass pointer bits 32, Max shift 3
Narrow klass base: 0x00000225a4000000, Narrow klass shift: 0
Encoding Range: [0x00000225a4000000 - 0x00000226a4000000), (4294967296 bytes)
Klass Range:    [0x00000225a4000000 - 0x00000225e5000000), (1090519040 bytes)
Klass ID Range:  [8 - 1090519033) (1090519025)


Internal statistics:

num_allocs_failed_limit: 6.
num_arena_births: 1198.
num_arena_deaths: 0.
num_vsnodes_births: 3.
num_vsnodes_deaths: 0.
num_space_committed: 1490.
num_space_uncommitted: 0.
num_chunks_returned_to_freelist: 6.
num_chunks_taken_from_freelist: 4303.
num_chunk_merges: 6.
num_chunk_splits: 3170.
num_chunks_enlarged: 2557.
num_inconsistent_stats: 0.

CodeCache: size=49152Kb used=12781Kb max_used=17727Kb free=36371Kb
 bounds [0x00000225976c0000, 0x0000022598810000, 0x000002259a6c0000]
 total_blobs=9689, nmethods=8895, adapters=719, full_count=0
Compilation: enabled, stopped_count=0, restarted_count=0

Compilation events (20 events):
Event: 135.274 Thread 0x00000225a32aa530 11023       1       java.util.concurrent.locks.AbstractQueuedSynchronizer$ConditionObject::canReacquire (38 bytes)
Event: 135.274 Thread 0x00000225a32aa530 nmethod 11023 0x00000225979d7688 code [0x00000225979d77a0, 0x00000225979d7910]
Event: 135.277 Thread 0x00000225a32aa530 11024       1       com.microsoft.sqlserver.jdbc.IdleConnectionResiliency::isConnectionRecoveryNegotiated (5 bytes)
Event: 135.277 Thread 0x00000225a32aa530 nmethod 11024 0x00000225979d7388 code [0x00000225979d7480, 0x00000225979d7548]
Event: 135.279 Thread 0x00000225a32aa530 11025   !   1       sun.security.ssl.SSLSocketImpl$AppInputStream::read (645 bytes)
Event: 135.282 Thread 0x00000225a32aa530 nmethod 11025 0x00000225979d5608 code [0x00000225979d5ae0, 0x00000225979d7218]
Event: 135.282 Thread 0x00000225a32aa530 11026       1       sun.security.ssl.SSLSocketImpl$AppInputStream::available (24 bytes)
Event: 135.282 Thread 0x00000225a32aa530 nmethod 11026 0x00000225979d5308 code [0x00000225979d5420, 0x00000225979d5568]
Event: 135.283 Thread 0x00000225a32aa530 11027       1       sun.nio.ch.NioSocketImpl::isOpen (14 bytes)
Event: 135.283 Thread 0x00000225a32aa530 nmethod 11027 0x00000225979d5008 code [0x00000225979d5100, 0x00000225979d51d8]
Event: 135.283 Thread 0x00000225a32aa530 11028       1       com.microsoft.sqlserver.jdbc.SQLServerResultSet::isForwardOnly (32 bytes)
Event: 135.284 Thread 0x00000225a32aa530 nmethod 11028 0x00000225979d4d08 code [0x00000225979d4e20, 0x00000225979d4f18]
Event: 135.284 Thread 0x00000225a32aa530 11029       1       org.springframework.util.MimeType::getType (5 bytes)
Event: 135.284 Thread 0x00000225a32aa530 nmethod 11029 0x00000225979d4a08 code [0x00000225979d4b00, 0x00000225979d4bc8]
Event: 135.284 Thread 0x00000225a32aa530 11030       1       org.apache.tomcat.util.buf.AbstractChunk::getLength (10 bytes)
Event: 135.284 Thread 0x00000225a32aa530 nmethod 11030 0x00000225979d4708 code [0x00000225979d4800, 0x00000225979d48c8]
Event: 135.284 Thread 0x00000225a32aa530 11031       1       java.util.regex.Pattern$CharProperty::match (71 bytes)
Event: 135.284 Thread 0x00000225a32aa530 nmethod 11031 0x00000225979d4308 code [0x00000225979d4440, 0x00000225979d4678]
Event: 135.284 Thread 0x00000225a32aa530 11032       1       org.apache.tomcat.util.buf.AbstractChunk::recycle (21 bytes)
Event: 135.285 Thread 0x00000225a32aa530 nmethod 11032 0x00000225979d4008 code [0x00000225979d4100, 0x00000225979d41d8]

GC Heap History (20 events):
Event: 4.988 GC heap before
{Heap before GC invocations=16 (full 0):
 garbage-first heap   total reserved 4093952K, committed 83968K, used 68641K [0x0000000706200000, 0x0000000800000000)
  region size 2048K, 20 young (40960K), 3 survivors (6144K)
 Metaspace       used 71555K, committed 72128K, reserved 1114112K
  class space    used 7615K, committed 7872K, reserved 1048576K
}
Event: 4.992 GC heap after
{Heap after GC invocations=17 (full 0):
 garbage-first heap   total reserved 4093952K, committed 83968K, used 34488K [0x0000000706200000, 0x0000000800000000)
  region size 2048K, 1 young (2048K), 1 survivors (2048K)
 Metaspace       used 71555K, committed 72128K, reserved 1114112K
  class space    used 7615K, committed 7872K, reserved 1048576K
}
Event: 5.439 GC heap before
{Heap before GC invocations=17 (full 0):
 garbage-first heap   total reserved 4093952K, committed 83968K, used 75448K [0x0000000706200000, 0x0000000800000000)
  region size 2048K, 21 young (43008K), 1 survivors (2048K)
 Metaspace       used 76438K, committed 77056K, reserved 1179648K
  class space    used 8185K, committed 8448K, reserved 1048576K
}
Event: 5.443 GC heap after
{Heap after GC invocations=18 (full 0):
 garbage-first heap   total reserved 4093952K, committed 83968K, used 37899K [0x0000000706200000, 0x0000000800000000)
  region size 2048K, 3 young (6144K), 3 survivors (6144K)
 Metaspace       used 76438K, committed 77056K, reserved 1179648K
  class space    used 8185K, committed 8448K, reserved 1048576K
}
Event: 5.829 GC heap before
{Heap before GC invocations=19 (full 0):
 garbage-first heap   total reserved 4093952K, committed 83968K, used 70667K [0x0000000706200000, 0x0000000800000000)
  region size 2048K, 19 young (38912K), 3 survivors (6144K)
 Metaspace       used 80840K, committed 81472K, reserved 1179648K
  class space    used 9083K, committed 9344K, reserved 1048576K
}
Event: 5.834 GC heap after
{Heap after GC invocations=20 (full 0):
 garbage-first heap   total reserved 4093952K, committed 83968K, used 40454K [0x0000000706200000, 0x0000000800000000)
  region size 2048K, 3 young (6144K), 3 survivors (6144K)
 Metaspace       used 80840K, committed 81472K, reserved 1179648K
  class space    used 9083K, committed 9344K, reserved 1048576K
}
Event: 5.943 GC heap before
{Heap before GC invocations=20 (full 0):
 garbage-first heap   total reserved 4093952K, committed 83968K, used 69126K [0x0000000706200000, 0x0000000800000000)
  region size 2048K, 18 young (36864K), 3 survivors (6144K)
 Metaspace       used 82364K, committed 83008K, reserved 1179648K
  class space    used 9259K, committed 9536K, reserved 1048576K
}
Event: 5.949 GC heap after
{Heap after GC invocations=21 (full 0):
 garbage-first heap   total reserved 4093952K, committed 83968K, used 41348K [0x0000000706200000, 0x0000000800000000)
  region size 2048K, 3 young (6144K), 3 survivors (6144K)
 Metaspace       used 82364K, committed 83008K, reserved 1179648K
  class space    used 9259K, committed 9536K, reserved 1048576K
}
Event: 5.984 GC heap before
{Heap before GC invocations=21 (full 0):
 garbage-first heap   total reserved 4093952K, committed 83968K, used 67972K [0x0000000706200000, 0x0000000800000000)
  region size 2048K, 16 young (32768K), 3 survivors (6144K)
 Metaspace       used 82369K, committed 83008K, reserved 1179648K
  class space    used 9259K, committed 9536K, reserved 1048576K
}
Event: 5.988 GC heap after
{Heap after GC invocations=22 (full 0):
 garbage-first heap   total reserved 4093952K, committed 102400K, used 41317K [0x0000000706200000, 0x0000000800000000)
  region size 2048K, 1 young (2048K), 1 survivors (2048K)
 Metaspace       used 82369K, committed 83008K, reserved 1179648K
  class space    used 9259K, committed 9536K, reserved 1048576K
}
Event: 6.146 GC heap before
{Heap before GC invocations=23 (full 0):
 garbage-first heap   total reserved 4093952K, committed 102400K, used 90469K [0x0000000706200000, 0x0000000800000000)
  region size 2048K, 25 young (51200K), 1 survivors (2048K)
 Metaspace       used 82643K, committed 83264K, reserved 1179648K
  class space    used 9294K, committed 9536K, reserved 1048576K
}
Event: 6.149 GC heap after
{Heap after GC invocations=24 (full 0):
 garbage-first heap   total reserved 4093952K, committed 102400K, used 43062K [0x0000000706200000, 0x0000000800000000)
  region size 2048K, 2 young (4096K), 2 survivors (4096K)
 Metaspace       used 82643K, committed 83264K, reserved 1179648K
  class space    used 9294K, committed 9536K, reserved 1048576K
}
Event: 6.400 GC heap before
{Heap before GC invocations=24 (full 0):
 garbage-first heap   total reserved 4093952K, committed 102400K, used 90166K [0x0000000706200000, 0x0000000800000000)
  region size 2048K, 25 young (51200K), 2 survivors (4096K)
 Metaspace       used 83581K, committed 84224K, reserved 1179648K
  class space    used 9451K, committed 9728K, reserved 1048576K
}
Event: 6.408 GC heap after
{Heap after GC invocations=25 (full 0):
 garbage-first heap   total reserved 4093952K, committed 102400K, used 44511K [0x0000000706200000, 0x0000000800000000)
  region size 2048K, 3 young (6144K), 3 survivors (6144K)
 Metaspace       used 83581K, committed 84224K, reserved 1179648K
  class space    used 9451K, committed 9728K, reserved 1048576K
}
Event: 6.717 GC heap before
{Heap before GC invocations=25 (full 0):
 garbage-first heap   total reserved 4093952K, committed 102400K, used 87519K [0x0000000706200000, 0x0000000800000000)
  region size 2048K, 24 young (49152K), 3 survivors (6144K)
 Metaspace       used 85532K, committed 86208K, reserved 1179648K
  class space    used 9670K, committed 9920K, reserved 1048576K
}
Event: 6.722 GC heap after
{Heap after GC invocations=26 (full 0):
 garbage-first heap   total reserved 4093952K, committed 102400K, used 46023K [0x0000000706200000, 0x0000000800000000)
  region size 2048K, 3 young (6144K), 3 survivors (6144K)
 Metaspace       used 85532K, committed 86208K, reserved 1179648K
  class space    used 9670K, committed 9920K, reserved 1048576K
}
Event: 7.170 GC heap before
{Heap before GC invocations=27 (full 0):
 garbage-first heap   total reserved 4093952K, committed 102400K, used 86983K [0x0000000706200000, 0x0000000800000000)
  region size 2048K, 23 young (47104K), 3 survivors (6144K)
 Metaspace       used 89132K, committed 89856K, reserved 1179648K
  class space    used 10125K, committed 10432K, reserved 1048576K
}
Event: 7.176 GC heap after
{Heap after GC invocations=28 (full 0):
 garbage-first heap   total reserved 4093952K, committed 102400K, used 49397K [0x0000000706200000, 0x0000000800000000)
  region size 2048K, 3 young (6144K), 3 survivors (6144K)
 Metaspace       used 89132K, committed 89856K, reserved 1179648K
  class space    used 10125K, committed 10432K, reserved 1048576K
}
Event: 93.685 GC heap before
{Heap before GC invocations=28 (full 0):
 garbage-first heap   total reserved 4093952K, committed 102400K, used 86261K [0x0000000706200000, 0x0000000800000000)
  region size 2048K, 22 young (45056K), 3 survivors (6144K)
 Metaspace       used 94437K, committed 95232K, reserved 1179648K
  class space    used 10801K, committed 11136K, reserved 1048576K
}
Event: 93.698 GC heap after
{Heap after GC invocations=29 (full 0):
 garbage-first heap   total reserved 4093952K, committed 102400K, used 51262K [0x0000000706200000, 0x0000000800000000)
  region size 2048K, 2 young (4096K), 2 survivors (4096K)
 Metaspace       used 94437K, committed 95232K, reserved 1179648K
  class space    used 10801K, committed 11136K, reserved 1048576K
}

Dll operation events (13 events):
Event: 0.011 Loaded shared library C:\Program Files\Java\jdk-24\bin\java.dll
Event: 0.012 Loaded shared library C:\Program Files\Java\jdk-24\bin\zip.dll
Event: 0.106 Loaded shared library C:\Program Files\Java\jdk-24\bin\instrument.dll
Event: 0.150 Loaded shared library C:\Program Files\Java\jdk-24\bin\jimage.dll
Event: 0.160 Loaded shared library C:\Program Files\Java\jdk-24\bin\net.dll
Event: 0.161 Loaded shared library C:\Program Files\Java\jdk-24\bin\nio.dll
Event: 0.171 Loaded shared library C:\Program Files\Java\jdk-24\bin\zip.dll
Event: 0.273 Loaded shared library C:\Program Files\Java\jdk-24\bin\management.dll
Event: 0.282 Loaded shared library C:\Program Files\Java\jdk-24\bin\management_ext.dll
Event: 0.461 Loaded shared library C:\Program Files\Java\jdk-24\bin\extnet.dll
Event: 1.403 Loaded shared library C:\Program Files\Java\jdk-24\bin\sunmscapi.dll
Event: 3.181 Loaded shared library C:\Program Files\Java\jdk-24\bin\verify.dll
Event: 135.290 Loaded shared library C:\Users\Admin\AppData\Local\Temp\idea_libasyncProfiler_dll_temp_folder11\libasyncProfiler.dll

Deoptimization events (20 events):
Event: 135.282 Thread 0x00000225edc3e640 DEOPT PACKING pc=0x0000022597e0cfbc sp=0x000000fb9bafe210
Event: 135.282 Thread 0x00000225edc3e640 DEOPT UNPACKING pc=0x0000022597715722 sp=0x000000fb9bafd758 mode 1
Event: 135.282 Thread 0x00000225edc3e640 DEOPT PACKING pc=0x00000225983c5c94 sp=0x000000fb9bafe330
Event: 135.282 Thread 0x00000225edc3e640 DEOPT UNPACKING pc=0x0000022597715722 sp=0x000000fb9bafd7d8 mode 1
Event: 135.282 Thread 0x00000225edc3e640 DEOPT PACKING pc=0x00000225983c57dc sp=0x000000fb9bafe390
Event: 135.282 Thread 0x00000225edc3e640 DEOPT UNPACKING pc=0x0000022597715722 sp=0x000000fb9bafd848 mode 1
Event: 135.282 Thread 0x00000225edc3e640 DEOPT PACKING pc=0x00000225983c5f94 sp=0x000000fb9bafe410
Event: 135.282 Thread 0x00000225edc3e640 DEOPT UNPACKING pc=0x0000022597715722 sp=0x000000fb9bafd8c0 mode 1
Event: 135.282 Thread 0x00000225edc3e640 DEOPT PACKING pc=0x00000225983023b4 sp=0x000000fb9bafe4a0
Event: 135.282 Thread 0x00000225edc3e640 DEOPT UNPACKING pc=0x0000022597715722 sp=0x000000fb9bafda38 mode 1
Event: 135.282 Thread 0x00000225edc3e640 DEOPT PACKING pc=0x00000225982bbd8c sp=0x000000fb9bafe620
Event: 135.282 Thread 0x00000225edc3e640 DEOPT UNPACKING pc=0x0000022597715722 sp=0x000000fb9bafdac8 mode 1
Event: 135.282 Thread 0x00000225edc3e640 DEOPT PACKING pc=0x00000225983023b4 sp=0x000000fb9bafe680
Event: 135.282 Thread 0x00000225edc3e640 DEOPT UNPACKING pc=0x0000022597715722 sp=0x000000fb9bafdc18 mode 1
Event: 135.282 Thread 0x00000225edc3e640 DEOPT PACKING pc=0x00000225982bbd8c sp=0x000000fb9bafe800
Event: 135.282 Thread 0x00000225edc3e640 DEOPT UNPACKING pc=0x0000022597715722 sp=0x000000fb9bafdca8 mode 1
Event: 135.282 Thread 0x00000225edc3e640 DEOPT PACKING pc=0x0000022598049b1c sp=0x000000fb9bafe860
Event: 135.282 Thread 0x00000225edc3e640 DEOPT UNPACKING pc=0x0000022597715722 sp=0x000000fb9bafdd08 mode 1
Event: 135.282 Thread 0x00000225edc3e640 DEOPT PACKING pc=0x000002259803df94 sp=0x000000fb9bafe8d0
Event: 135.282 Thread 0x00000225edc3e640 DEOPT UNPACKING pc=0x0000022597715722 sp=0x000000fb9bafdd98 mode 1

Classes loaded (20 events):
Event: 92.086 Loading class org/apache/tomcat/util/http/parser/MediaType
Event: 92.086 Loading class org/apache/tomcat/util/http/parser/MediaType done
Event: 92.087 Loading class org/springframework/util/StreamUtils
Event: 92.087 Loading class org/springframework/util/StreamUtils done
Event: 92.087 Loading class org/springframework/util/StreamUtils$NonClosingOutputStream
Event: 92.087 Loading class org/springframework/util/StreamUtils$NonClosingOutputStream done
Event: 92.087 Loading class org/springframework/util/StreamUtils$NonClosingInputStream
Event: 92.087 Loading class org/springframework/util/StreamUtils$NonClosingInputStream done
Event: 92.088 Loading class org/apache/tomcat/util/buf/HexUtils
Event: 92.088 Loading class org/apache/tomcat/util/buf/HexUtils done
Event: 92.088 Loading class org/apache/coyote/http11/Constants
Event: 92.088 Loading class org/apache/coyote/http11/Constants done
Event: 92.091 Loading class org/apache/coyote/NonPipeliningProcessor
Event: 92.091 Loading class org/apache/coyote/NonPipeliningProcessor done
Event: 135.254 Loading class kotlinx/coroutines/debug/internal/DebugProbesImpl
Event: 135.254 Loading class kotlinx/coroutines/debug/internal/DebugProbesImpl done
Event: 135.282 Loading class org/springframework/web/method/annotation/ExceptionHandlerMethodResolver$ExceptionMapping
Event: 135.282 Loading class org/springframework/web/method/annotation/ExceptionHandlerMethodResolver$ExceptionMapping done
Event: 135.283 Loading class com/fasterxml/jackson/databind/util/internal/PrivateMaxEntriesMap$WriteThroughEntry
Event: 135.283 Loading class com/fasterxml/jackson/databind/util/internal/PrivateMaxEntriesMap$WriteThroughEntry done

Classes unloaded (0 events):
No events

Classes redefined (1 events):
Event: 0.132 Thread 0x00000225a328cba0 redefined class name=java.lang.Throwable, count=1

Internal exceptions (20 events):
Event: 7.279 Thread 0x00000225e9fb1c70 Exception <a 'java/lang/NoSuchMethodError'{0x000000071319ffc0}: 'java.lang.Object java.lang.invoke.DirectMethodHandle$Holder.newInvokeSpecial(java.lang.Object, java.lang.Object, int, java.lang.Object, java.lang.Object)'> (0x000000071319ffc0) 
thrown [s\open\src\hotspot\share\interpreter\linkResolver.cpp, line 805]
Event: 7.772 Thread 0x00000225f5452bd0 Exception <a 'java/lang/NoSuchMethodError'{0x000000071247b780}: 'java.lang.Object java.lang.invoke.DirectMethodHandle$Holder.invokeInterface(java.lang.Object, java.lang.Object, java.lang.Object, java.lang.Object, java.lang.Object, java.lang.Object, java.lang.Object)'> (0x000000071247b780) 
thrown [s\open\src\hotspot\share\interpreter\linkResolver.cpp, line 805]
Event: 10.632 Thread 0x00000225f544db60 Exception <a 'java/lang/NoSuchMethodError'{0x000000070b6506b8}: 'java.lang.Object java.lang.invoke.DirectMethodHandle$Holder.invokeStatic(java.lang.Object, java.lang.Object, java.lang.Object, int, int)'> (0x000000070b6506b8) 
thrown [s\open\src\hotspot\share\interpreter\linkResolver.cpp, line 805]
Event: 10.632 Thread 0x00000225f544db60 Exception <a 'java/lang/NoSuchMethodError'{0x000000070b658710}: 'java.lang.Object java.lang.invoke.DirectMethodHandle$Holder.invokeStaticInit(java.lang.Object, java.lang.Object, java.lang.Object, int, int)'> (0x000000070b658710) 
thrown [s\open\src\hotspot\share\interpreter\linkResolver.cpp, line 805]
Event: 10.668 Thread 0x00000225ebd18cf0 Exception <a 'java/lang/NoSuchMethodError'{0x000000070b78fdc8}: 'java.lang.Object java.lang.invoke.DirectMethodHandle$Holder.invokeSpecial(java.lang.Object, java.lang.Object, java.lang.Object, java.lang.Object, java.lang.Object, long)'> (0x000000070b78fdc8) 
thrown [s\open\src\hotspot\share\interpreter\linkResolver.cpp, line 805]
Event: 10.668 Thread 0x00000225ebd18cf0 Exception <a 'java/lang/NoSuchMethodError'{0x000000070b798708}: 'java.lang.Object java.lang.invoke.DirectMethodHandle$Holder.invokeSpecial(java.lang.Object, java.lang.Object, java.lang.Object, java.lang.Object, java.lang.Object, java.lang.Object, long)'> (0x000000070b798708) 
thrown [s\open\src\hotspot\share\interpreter\linkResolver.cpp, line 805]
Event: 10.668 Thread 0x00000225ebd18cf0 Exception <a 'java/lang/NoSuchMethodError'{0x000000070b7a0aa0}: 'java.lang.Object java.lang.invoke.DelegatingMethodHandle$Holder.reinvoke_L(java.lang.Object, java.lang.Object, java.lang.Object, java.lang.Object, java.lang.Object, long)'> (0x000000070b7a0aa0) 
thrown [s\open\src\hotspot\share\interpreter\linkResolver.cpp, line 805]
Event: 10.668 Thread 0x00000225ebd18cf0 Exception <a 'java/lang/NoSuchMethodError'{0x000000070b7b0ec8}: 'java.lang.Object java.lang.invoke.Invokers$Holder.linkToTargetMethod(java.lang.Object, java.lang.Object, java.lang.Object, long, java.lang.Object)'> (0x000000070b7b0ec8) 
thrown [s\open\src\hotspot\share\interpreter\linkResolver.cpp, line 805]
Event: 10.758 Thread 0x00000225ebd18cf0 Exception <a 'java/lang/NoSuchMethodError'{0x000000070b3b4a10}: 'java.lang.Object java.lang.invoke.DirectMethodHandle$Holder.invokeVirtual(java.lang.Object, java.lang.Object, int, int)'> (0x000000070b3b4a10) 
thrown [s\open\src\hotspot\share\interpreter\linkResolver.cpp, line 805]
Event: 10.783 Thread 0x00000225ebd18cf0 Exception <a 'java/lang/IncompatibleClassChangeError'{0x000000070b0d1f38}: Found class java.lang.Object, but interface was expected> (0x000000070b0d1f38) 
thrown [s\open\src\hotspot\share\interpreter\linkResolver.cpp, line 872]
Event: 10.821 Thread 0x00000225ebd18cf0 Exception <a 'java/lang/NoSuchMethodError'{0x000000070af7f0e8}: 'void java.lang.invoke.DirectMethodHandle$Holder.invokeSpecialIFC(java.lang.Object, java.lang.Object, int, java.lang.Object, java.lang.Object, java.lang.Object, java.lang.Object)'> (0x000000070af7f0e8) 
thrown [s\open\src\hotspot\share\interpreter\linkResolver.cpp, line 805]
Event: 10.880 Thread 0x00000225ebd18cf0 Exception <a 'java/lang/NoSuchMethodError'{0x000000070adcd868}: 'void java.lang.invoke.Invokers$Holder.invokeExact_MT(java.lang.Object, java.lang.Object, int, java.lang.Object)'> (0x000000070adcd868) 
thrown [s\open\src\hotspot\share\interpreter\linkResolver.cpp, line 805]
Event: 10.889 Thread 0x00000225ebd18cf0 Exception <a 'java/lang/NoSuchMethodError'{0x000000070aa2c610}: 'java.lang.Object java.lang.invoke.DirectMethodHandle$Holder.invokeVirtual(java.lang.Object, java.lang.Object, int)'> (0x000000070aa2c610) 
thrown [s\open\src\hotspot\share\interpreter\linkResolver.cpp, line 805]
Event: 10.909 Thread 0x00000225ebd18cf0 Exception <a 'java/lang/IncompatibleClassChangeError'{0x000000070aaf46f0}: Found class java.lang.Object, but interface was expected> (0x000000070aaf46f0) 
thrown [s\open\src\hotspot\share\interpreter\linkResolver.cpp, line 872]
Event: 10.910 Thread 0x00000225ebd18cf0 Exception <a 'java/lang/IncompatibleClassChangeError'{0x000000070ab0a1a8}: Found class java.lang.Object, but interface was expected> (0x000000070ab0a1a8) 
thrown [s\open\src\hotspot\share\interpreter\linkResolver.cpp, line 872]
Event: 10.938 Thread 0x00000225ebd18cf0 Exception <a 'java/lang/NoSuchMethodError'{0x000000070a800e68}: 'java.lang.Object java.lang.invoke.DirectMethodHandle$Holder.invokeSpecial(java.lang.Object, java.lang.Object, java.lang.Object, java.lang.Object, int, java.lang.Object, java.lang.Object)'> (0x000000070a800e68) 
thrown [s\open\src\hotspot\share\interpreter\linkResolver.cpp, line 805]
Event: 10.938 Thread 0x00000225ebd18cf0 Exception <a 'java/lang/NoSuchMethodError'{0x000000070a812ad0}: 'java.lang.Object java.lang.invoke.DirectMethodHandle$Holder.newInvokeSpecial(java.lang.Object, java.lang.Object, java.lang.Object, java.lang.Object, int)'> (0x000000070a812ad0) 
thrown [s\open\src\hotspot\share\interpreter\linkResolver.cpp, line 805]
Event: 10.939 Thread 0x00000225ebd18cf0 Exception <a 'java/lang/NoSuchMethodError'{0x000000070a81b7a0}: 'java.lang.Object java.lang.invoke.DirectMethodHandle$Holder.invokeSpecial(java.lang.Object, java.lang.Object, java.lang.Object, java.lang.Object, java.lang.Object, int)'> (0x000000070a81b7a0) 
thrown [s\open\src\hotspot\share\interpreter\linkResolver.cpp, line 805]
Event: 10.939 Thread 0x00000225ebd18cf0 Exception <a 'java/lang/NoSuchMethodError'{0x000000070a823ba8}: 'java.lang.Object java.lang.invoke.Invokers$Holder.linkToTargetMethod(java.lang.Object, java.lang.Object, java.lang.Object, int, java.lang.Object)'> (0x000000070a823ba8) 
thrown [s\open\src\hotspot\share\interpreter\linkResolver.cpp, line 805]
Event: 113.453 Thread 0x00000225ef202e10 Exception <a 'java/lang/NoSuchMethodError'{0x0000000712c1bfe0}: 'java.lang.Object java.lang.invoke.DelegatingMethodHandle$Holder.reinvoke_L(java.lang.Object, java.lang.Object, java.lang.Object, java.lang.Object, java.lang.Object, java.lang.Object, java.lang.Object, java.lang.Object, int, int, java.lang.Object, java.lang.Object)'> (0x0000000712c1bfe0) 
thrown [s\open\src\hotspot\share\interpreter\linkResolver.cpp, line 805]

VM Operations (20 events):
Event: 93.685 Executing VM operation: G1CollectForAllocation (G1 Evacuation Pause)
Event: 93.698 Executing VM operation: G1CollectForAllocation (G1 Evacuation Pause) done
Event: 106.132 Executing VM operation: ChangeBreakpoints
Event: 106.137 Executing VM operation: ChangeBreakpoints done
Event: 113.228 Executing VM operation: get/set locals
Event: 113.228 Executing VM operation: get/set locals done
Event: 113.294 Executing VM operation: get/set locals
Event: 113.294 Executing VM operation: get/set locals done
Event: 113.294 Executing VM operation: get/set locals
Event: 113.294 Executing VM operation: get/set locals done
Event: 113.295 Executing VM operation: get/set locals
Event: 113.295 Executing VM operation: get/set locals done
Event: 113.295 Executing VM operation: get/set locals
Event: 113.295 Executing VM operation: get/set locals done
Event: 120.291 Executing VM operation: HandshakeAllThreads (HandshakeForDeflation)
Event: 120.291 Executing VM operation: HandshakeAllThreads (HandshakeForDeflation) done
Event: 120.291 Executing VM operation: RendezvousGCThreads
Event: 120.291 Executing VM operation: RendezvousGCThreads done
Event: 133.140 Executing VM operation: ChangeBreakpoints
Event: 133.145 Executing VM operation: ChangeBreakpoints done

Memory protections (0 events):
No events

Nmethod flushes (20 events):
Event: 6.738 Thread 0x00000225a328cba0 flushing  nmethod 0x00000225981aeb08
Event: 6.738 Thread 0x00000225a328cba0 flushing  nmethod 0x00000225981b0c88
Event: 6.738 Thread 0x00000225a328cba0 flushing  nmethod 0x00000225981b2008
Event: 6.738 Thread 0x00000225a328cba0 flushing  nmethod 0x00000225981b2308
Event: 6.738 Thread 0x00000225a328cba0 flushing  nmethod 0x000002259820dd88
Event: 6.738 Thread 0x00000225a328cba0 flushing  nmethod 0x0000022598259708
Event: 6.738 Thread 0x00000225a328cba0 flushing  nmethod 0x0000022598294e08
Event: 6.738 Thread 0x00000225a328cba0 flushing  nmethod 0x0000022598296688
Event: 6.738 Thread 0x00000225a328cba0 flushing  nmethod 0x0000022598297108
Event: 6.738 Thread 0x00000225a328cba0 flushing  nmethod 0x0000022598298088
Event: 6.738 Thread 0x00000225a328cba0 flushing  nmethod 0x000002259829b188
Event: 6.738 Thread 0x00000225a328cba0 flushing  nmethod 0x00000225983bdf08
Event: 6.738 Thread 0x00000225a328cba0 flushing  nmethod 0x00000225983c1808
Event: 6.738 Thread 0x00000225a328cba0 flushing  nmethod 0x00000225983c1c08
Event: 6.738 Thread 0x00000225a328cba0 flushing  nmethod 0x00000225983c4c88
Event: 6.738 Thread 0x00000225a328cba0 flushing  nmethod 0x00000225983c5288
Event: 6.738 Thread 0x00000225a328cba0 flushing  nmethod 0x00000225983c5608
Event: 6.738 Thread 0x00000225a328cba0 flushing  nmethod 0x00000225983c5988
Event: 6.738 Thread 0x00000225a328cba0 flushing  nmethod 0x0000022598423a88
Event: 6.738 Thread 0x00000225a328cba0 flushing  nmethod 0x0000022598425588

Events (20 events):
Event: 11.800 Thread 0x00000225e9d7f400 Thread exited: 0x00000225e9d7f400
Event: 11.800 Thread 0x00000225e9d7ce30 Thread exited: 0x00000225e9d7ce30
Event: 11.801 Thread 0x00000225a3339e50 Thread exited: 0x00000225a3339e50
Event: 11.801 Thread 0x00000225a333ad70 Thread exited: 0x00000225a333ad70
Event: 16.802 Thread 0x00000225a333a5e0 Thread exited: 0x00000225a333a5e0
Event: 92.034 Thread 0x00000225a32aa530 Thread added: 0x00000225eff966a0
Event: 92.037 Thread 0x00000225ea581c20 Thread exited: 0x00000225ea581c20
Event: 92.041 Thread 0x00000225eff966a0 Thread added: 0x00000225eff94ff0
Event: 92.041 Thread 0x00000225eff966a0 Thread added: 0x00000225eff931b0
Event: 92.796 Thread 0x00000225eff931b0 Thread exited: 0x00000225eff931b0
Event: 92.796 Thread 0x00000225eff94ff0 Thread exited: 0x00000225eff94ff0
Event: 92.796 Thread 0x00000225eff966a0 Thread exited: 0x00000225eff966a0
Event: 107.296 Thread 0x00000225a32aa530 Thread added: 0x00000225e9d7ce30
Event: 112.045 Thread 0x00000225e9d7ce30 Thread exited: 0x00000225e9d7ce30
Event: 113.032 Thread 0x00000225a32aa530 Thread added: 0x00000225e9d7ce30
Event: 113.048 Thread 0x00000225a32aa530 Thread added: 0x00000225e9d80ab0
Event: 113.209 Thread 0x00000225e9d80ab0 Thread added: 0x00000225e9d819d0
Event: 118.455 Thread 0x00000225e9d819d0 Thread exited: 0x00000225e9d819d0
Event: 123.455 Thread 0x00000225e9d80ab0 Thread exited: 0x00000225e9d80ab0
Event: 128.455 Thread 0x00000225e9d7ce30 Thread exited: 0x00000225e9d7ce30


Dynamic libraries:
0x00007ff61da10000 - 0x00007ff61da20000 	C:\Program Files\Java\jdk-24\bin\java.exe
0x00007ffd4e340000 - 0x00007ffd4e5a8000 	C:\WINDOWS\SYSTEM32\ntdll.dll
0x00007ffd4cc10000 - 0x00007ffd4ccd9000 	C:\WINDOWS\System32\KERNEL32.DLL
0x00007ffd4bb70000 - 0x00007ffd4bf5d000 	C:\WINDOWS\System32\KERNELBASE.dll
0x00007ffd4b8a0000 - 0x00007ffd4b9eb000 	C:\WINDOWS\System32\ucrtbase.dll
0x00007ffd47de0000 - 0x00007ffd47df6000 	C:\Program Files\Java\jdk-24\bin\jli.dll
0x00007ffd45dd0000 - 0x00007ffd45deb000 	C:\Program Files\Java\jdk-24\bin\VCRUNTIME140.dll
0x00007ffd4cd90000 - 0x00007ffd4cf5c000 	C:\WINDOWS\System32\USER32.dll
0x00007ffd4b7c0000 - 0x00007ffd4b7e7000 	C:\WINDOWS\System32\win32u.dll
0x00007ffd4d560000 - 0x00007ffd4d58b000 	C:\WINDOWS\System32\GDI32.dll
0x00007ffd4b5c0000 - 0x00007ffd4b6f7000 	C:\WINDOWS\System32\gdi32full.dll
0x00007ffd343d0000 - 0x00007ffd3466a000 	C:\WINDOWS\WinSxS\amd64_microsoft.windows.common-controls_6595b64144ccf1df_6.0.26100.4484_none_3e0e6d4ce32ef3b3\COMCTL32.dll
0x00007ffd4b7f0000 - 0x00007ffd4b893000 	C:\WINDOWS\System32\msvcp_win.dll
0x00007ffd4c8e0000 - 0x00007ffd4c989000 	C:\WINDOWS\System32\msvcrt.dll
0x00007ffd4c990000 - 0x00007ffd4c9bf000 	C:\WINDOWS\System32\IMM32.DLL
0x00007ffd45dc0000 - 0x00007ffd45dcc000 	C:\Program Files\Java\jdk-24\bin\vcruntime140_1.dll
0x00007ffd38400000 - 0x00007ffd3848e000 	C:\Program Files\Java\jdk-24\bin\msvcp140.dll
0x00007ffcdb430000 - 0x00007ffcdc1d2000 	C:\Program Files\Java\jdk-24\bin\server\jvm.dll
0x00007ffd4cf60000 - 0x00007ffd4d014000 	C:\WINDOWS\System32\ADVAPI32.dll
0x00007ffd4c390000 - 0x00007ffd4c436000 	C:\WINDOWS\System32\sechost.dll
0x00007ffd4ca80000 - 0x00007ffd4cb98000 	C:\WINDOWS\System32\RPCRT4.dll
0x00007ffd4c860000 - 0x00007ffd4c8d4000 	C:\WINDOWS\System32\WS2_32.dll
0x00007ffd435b0000 - 0x00007ffd435bb000 	C:\WINDOWS\SYSTEM32\VERSION.dll
0x00007ffd4b2e0000 - 0x00007ffd4b33e000 	C:\WINDOWS\SYSTEM32\POWRPROF.dll
0x00007ffd34710000 - 0x00007ffd34745000 	C:\WINDOWS\SYSTEM32\WINMM.dll
0x00007ffd4b2c0000 - 0x00007ffd4b2d4000 	C:\WINDOWS\SYSTEM32\UMPDC.dll
0x00007ffd4a240000 - 0x00007ffd4a25b000 	C:\WINDOWS\SYSTEM32\kernel.appcore.dll
0x00007ffd45db0000 - 0x00007ffd45dba000 	C:\Program Files\Java\jdk-24\bin\jimage.dll
0x00007ffd48bb0000 - 0x00007ffd48df1000 	C:\WINDOWS\SYSTEM32\DBGHELP.DLL
0x00007ffd4d0a0000 - 0x00007ffd4d426000 	C:\WINDOWS\System32\combase.dll
0x00007ffd4e210000 - 0x00007ffd4e2f0000 	C:\WINDOWS\System32\OLEAUT32.dll
0x00007ffd1fff0000 - 0x00007ffd20033000 	C:\WINDOWS\SYSTEM32\dbgcore.DLL
0x00007ffd4b520000 - 0x00007ffd4b5b9000 	C:\WINDOWS\System32\bcryptPrimitives.dll
0x00007ffd45d50000 - 0x00007ffd45d8c000 	C:\Program Files\Java\jdk-24\bin\jdwp.dll
0x00007ffd45d40000 - 0x00007ffd45d4f000 	C:\Program Files\Java\jdk-24\bin\instrument.dll
0x00007ffd45d90000 - 0x00007ffd45dae000 	C:\Program Files\Java\jdk-24\bin\java.dll
0x00007ffd4c0e0000 - 0x00007ffd4c27e000 	C:\WINDOWS\System32\ole32.dll
0x00007ffd4dac0000 - 0x00007ffd4e20a000 	C:\WINDOWS\System32\SHELL32.dll
0x00007ffd4bf60000 - 0x00007ffd4c0d4000 	C:\WINDOWS\System32\wintypes.dll
0x00007ffd25f10000 - 0x00007ffd26108000 	C:\Users\Admin\AppData\Local\Temp\idea_libasyncProfiler_dll_temp_folder11\libasyncProfiler.dll
0x00007ffd45cb0000 - 0x00007ffd45cc7000 	C:\Program Files\Java\jdk-24\bin\zip.dll
0x00007ffd490c0000 - 0x00007ffd4991b000 	C:\WINDOWS\SYSTEM32\windows.storage.dll
0x00007ffd4c290000 - 0x00007ffd4c385000 	C:\WINDOWS\System32\SHCORE.dll
0x00007ffd4cba0000 - 0x00007ffd4cc0a000 	C:\WINDOWS\System32\shlwapi.dll
0x00007ffd4b3a0000 - 0x00007ffd4b3cf000 	C:\WINDOWS\SYSTEM32\profapi.dll
0x00007ffd44ad0000 - 0x00007ffd44adc000 	C:\Program Files\Java\jdk-24\bin\dt_socket.dll
0x00007ffd49c50000 - 0x00007ffd49c83000 	C:\WINDOWS\SYSTEM32\IPHLPAPI.DLL
0x00007ffd4a7c0000 - 0x00007ffd4a82a000 	C:\WINDOWS\system32\mswsock.dll
0x00007ffd45ca0000 - 0x00007ffd45cb0000 	C:\Program Files\Java\jdk-24\bin\net.dll
0x00007ffd44ae0000 - 0x00007ffd44af6000 	C:\Program Files\Java\jdk-24\bin\nio.dll
0x00007ffd49ce0000 - 0x00007ffd49e06000 	C:\WINDOWS\SYSTEM32\DNSAPI.dll
0x00007ffd4da30000 - 0x00007ffd4da3a000 	C:\WINDOWS\System32\NSI.dll
0x00007ffd43b30000 - 0x00007ffd43b3b000 	C:\Windows\System32\rasadhlp.dll
0x00007ffd44c40000 - 0x00007ffd44cc6000 	C:\WINDOWS\System32\fwpuclnt.dll
0x00007ffd39340000 - 0x00007ffd3934a000 	C:\Program Files\Java\jdk-24\bin\management.dll
0x00007ffd382c0000 - 0x00007ffd382cb000 	C:\Program Files\Java\jdk-24\bin\management_ext.dll
0x00007ffd4c830000 - 0x00007ffd4c838000 	C:\WINDOWS\System32\PSAPI.DLL
0x00007ffd4aa70000 - 0x00007ffd4aa8b000 	C:\WINDOWS\SYSTEM32\CRYPTSP.dll
0x00007ffd4a1a0000 - 0x00007ffd4a1da000 	C:\WINDOWS\system32\rsaenh.dll
0x00007ffd4a860000 - 0x00007ffd4a88b000 	C:\WINDOWS\SYSTEM32\USERENV.dll
0x00007ffd4b370000 - 0x00007ffd4b396000 	C:\WINDOWS\SYSTEM32\bcrypt.dll
0x00007ffd4aa90000 - 0x00007ffd4aa9c000 	C:\WINDOWS\SYSTEM32\CRYPTBASE.dll
0x00007ffce3950000 - 0x00007ffce3968000 	C:\WINDOWS\system32\napinsp.dll
0x00007ffce3820000 - 0x00007ffce3832000 	C:\WINDOWS\System32\winrnr.dll
0x00007ffd08e10000 - 0x00007ffd08e40000 	C:\WINDOWS\system32\nlansp_c.dll
0x00007ffd3b4a0000 - 0x00007ffd3b4c0000 	C:\WINDOWS\system32\wshbth.dll
0x00007ffd382a0000 - 0x00007ffd382a9000 	C:\Program Files\Java\jdk-24\bin\extnet.dll
0x00007ffd382b0000 - 0x00007ffd382be000 	C:\Program Files\Java\jdk-24\bin\sunmscapi.dll
0x00007ffd4b9f0000 - 0x00007ffd4bb67000 	C:\WINDOWS\System32\CRYPT32.dll
0x00007ffd4ac90000 - 0x00007ffd4acc0000 	C:\WINDOWS\SYSTEM32\ncrypt.dll
0x00007ffd4ac40000 - 0x00007ffd4ac7f000 	C:\WINDOWS\SYSTEM32\NTASN1.dll
0x00007ffd380c0000 - 0x00007ffd380d0000 	C:\Program Files\Java\jdk-24\bin\verify.dll
0x00007ffd2f960000 - 0x00007ffd2f968000 	C:\WINDOWS\system32\wshunix.dll

JVMTI agents:
jdwp path:C:\Program Files\Java\jdk-24\bin\jdwp.dll, loaded, initialized, options:transport=dt_socket,address=127.0.0.1:63964,suspend=y,server=n
C:\Users\Admin\AppData\Local\JetBrains\IntelliJIdea2025.1\captureAgent\debugger-agent.jar path:C:\Program Files\Java\jdk-24\bin\instrument.dll, loaded, initialized, instrumentlib options:file:///C:/Users/Admin/AppData/Local/Temp/capture5770819427951054116.props
C:\Users\Admin\AppData\Local\Temp\idea_libasyncProfiler_dll_temp_folder11\libasyncProfiler.dll path:C:\Users\Admin\AppData\Local\Temp\idea_libasyncProfiler_dll_temp_folder11\libasyncProfiler.dll, loaded, initialized, options:version,jfr,event=wall,interval=10ms,cstack=no,file=C:\Users\Admin\IdeaSnapshots\SchoolMedicalManagementSystemApplication_2025_06_30_204453.jfr,dbghelppath=C:\Users\Admin\AppData\Local\Temp\idea_dbghelp_dll_temp_folder1\dbghelp.dll,log=C:\Users\Admin\AppData\Local\Temp\SchoolMedicalManagementSystemApplication_2025_06_30_204453.jfr.log.txt,logLevel=DEBUG

dbghelp: loaded successfully - version: 4.0.5 - missing functions: none
symbol engine: initialized successfully - sym options: 0x614 - pdb path: .;C:\Program Files\Java\jdk-24\bin;C:\WINDOWS\SYSTEM32;C:\WINDOWS\WinSxS\amd64_microsoft.windows.common-controls_6595b64144ccf1df_6.0.26100.4484_none_3e0e6d4ce32ef3b3;C:\Program Files\Java\jdk-24\bin\server;C:\Users\Admin\AppData\Local\Temp\idea_libasyncProfiler_dll_temp_folder11

VM Arguments:
jvm_args: -agentlib:jdwp=transport=dt_socket,address=127.0.0.1:63964,suspend=y,server=n -javaagent:C:\Users\Admin\AppData\Local\JetBrains\IntelliJIdea2025.1\captureAgent\debugger-agent.jar=file:///C:/Users/Admin/AppData/Local/Temp/capture5770819427951054116.props -agentpath:C:\Users\Admin\AppData\Local\Temp\idea_libasyncProfiler_dll_temp_folder11\libasyncProfiler.dll=version,jfr,event=wall,interval=10ms,cstack=no,file=C:\Users\Admin\IdeaSnapshots\SchoolMedicalManagementSystemApplication_2025_06_30_204453.jfr,dbghelppath=C:\Users\Admin\AppData\Local\Temp\idea_dbghelp_dll_temp_folder1\dbghelp.dll,log=C:\Users\Admin\AppData\Local\Temp\SchoolMedicalManagementSystemApplication_2025_06_30_204453.jfr.log.txt,logLevel=DEBUG -XX:TieredStopAtLevel=1 -Dspring.output.ansi.enabled=always -Dcom.sun.management.jmxremote -Dspring.jmx.enabled=true -Dspring.liveBeansView.mbeanDomain -Dspring.application.admin.enabled=true -Dmanagement.endpoints.jmx.exposure.include=* -Dkotlinx.coroutines.debug.enable.creation.stack.trace=false -Ddebugger.agent.enable.coroutines=true -Dkotlinx.coroutines.debug.enable.flows.stack.trace=true -Dkotlinx.coroutines.debug.enable.mutable.state.flows.stack.trace=true -Dfile.encoding=UTF-8 -Dsun.stdout.encoding=UTF-8 -Dsun.stderr.encoding=UTF-8 
java_command: com.team_3.School_Medical_Management_System.SchoolMedicalManagementSystemApplication
java_class_path (initial): C:\Users\Admin\OneDrive\Desktop\KY_5\SWP391\Project-Final\CODE-BE_DEV\SWP391-BE\target\classes;C:\Users\Admin\.m2\repository\org\springframework\boot\spring-boot-starter-mail\3.5.0\spring-boot-starter-mail-3.5.0.jar;C:\Users\Admin\.m2\repository\org\springframework\boot\spring-boot-starter\3.5.0\spring-boot-starter-3.5.0.jar;C:\Users\Admin\.m2\repository\org\springframework\boot\spring-boot-starter-logging\3.5.0\spring-boot-starter-logging-3.5.0.jar;C:\Users\Admin\.m2\repository\ch\qos\logback\logback-classic\1.5.18\logback-classic-1.5.18.jar;C:\Users\Admin\.m2\repository\ch\qos\logback\logback-core\1.5.18\logback-core-1.5.18.jar;C:\Users\Admin\.m2\repository\org\apache\logging\log4j\log4j-to-slf4j\2.24.3\log4j-to-slf4j-2.24.3.jar;C:\Users\Admin\.m2\repository\org\apache\logging\log4j\log4j-api\2.24.3\log4j-api-2.24.3.jar;C:\Users\Admin\.m2\repository\org\slf4j\jul-to-slf4j\2.0.17\jul-to-slf4j-2.0.17.jar;C:\Users\Admin\.m2\repository\jakarta\annotation\jakarta.annotation-api\2.1.1\jakarta.annotation-api-2.1.1.jar;C:\Users\Admin\.m2\repository\org\yaml\snakeyaml\2.4\snakeyaml-2.4.jar;C:\Users\Admin\.m2\repository\org\springframework\spring-context-support\6.2.7\spring-context-support-6.2.7.jar;C:\Users\Admin\.m2\repository\org\springframework\spring-beans\6.2.7\spring-beans-6.2.7.jar;C:\Users\Admin\.m2\repository\org\springframework\spring-context\6.2.7\spring-context-6.2.7.jar;C:\Users\Admin\.m2\repository\org\eclipse\angus\jakarta.mail\2.0.3\jakarta.mail-2.0.3.jar;C:\Users\Admin\.m2\repository\jakarta\activation\jakarta.activation-api\2.1.3\jakarta.activation-api-2.1.3.jar;C:\Users\Admin\.m2\repository\org\eclipse\angus\angus-activation\2.0.2\angus-activation-2.0.2.jar;C:\Users\Admin\.m2\repository\org\springframework\boot\spring-boot-starter-data-jdbc\3.5.0\spring-boot-starter-data-jdbc-3.5.0.jar;C:\Users\Admin\.m2\repository\org\springframework\boot\spring-boot-starter-jdbc\3.5.0\spring-boot-starter-jdbc-3.5.0.jar;C:\Users\Admin\.m2\repository\com\zaxxer\HikariCP\6.3.0\HikariCP-6.3.0.jar;C:\Users\Admin\.m2\repository\org\springframework\spring-jdbc\6.2.7\spring-jdbc-6.2.7.jar;C:\Users\Admin\.m2\repository\org\springframework\data\spring-data-jdbc\3.5.0\spring-data-jdbc-3.5.0.jar;C:\Users\Admin\.m2\repository\org\springframework\data\spring-data-relational\3.5.0\spring-data-relational-3.5.0.jar;C:\Users\Admin\.m2\repository\org\springframework\data\spring-data-commons\3.5.0\spring-data-commons-3.5.0.jar;C:\Users\Admin\.m2\repository\org\springframework\spring-tx\6.2.7\spring-tx-6.2.7.jar;C:\Users\Admin\.m2\repository\org\slf4j\slf4j-api\2.0.17\slf4j-api-2.0.17.jar;C:\Users\Admin\.m2\repository\org\springframework\boot\spring-boot-starter-data-jpa\3.5.0\spring-boot-starter-data-jpa-3.5.0.jar;C:\Users\Admin\.m2\repository\org\hibernate\orm\hibernate-core\6.6.15.Final\hibernate-core-6.6.15.Final.jar;C:\Users\Admin\.m2\repository\jakarta\persistence\jakarta.persistence-api\3.1.0\jakarta.persistence-api-3.1.0.jar;C:\Users\Admin\.m2\repository\jakarta\transaction\jakarta.transaction-api\2.0.1\jakarta.transaction-api-2.0.1.jar;C:\Users\Admin\.m2\repository\org\jboss\logging\jboss-logging\3.6.1.Final\jboss-logging-3.6.1.Final.jar;C:\Users\Admin\.m2\repository\org\hibernate\common\hibernate-commons-annotations\7.0.3.Final\hibernate-commons-annotations-7.0.3.Final.jar;C:\Users\Admin\.m2\repository\io\smallrye\jandex\3.2.0\jandex-3.2.0.jar;C:\Users\Admin\.m2\repository\com\fasterxml\classmate\1.7.0\classmate-1.7.0.jar;C:\Users\Admin\.m2\repository\net\bytebuddy\byte-buddy\1.17.5\byte-buddy-1.17.5.jar;C:\Users\Admin\.m2\repository\org\glassfish\jaxb\jaxb-runtime\4.0.5\jaxb-runtime-4.0.5.jar;C:\Users\Admin\.m2\repository\org\glassfish\jaxb\jaxb-core\4.0.5\jaxb-core-4.0.5.jar;C:\Users\Admin\.m2\repository\org\glassfish\jaxb\txw2\4.0.5\txw2-4.0.5.jar;C:\Users\Admin\.m2\repository\com\sun\istack\istack-commons-runtime\4.1.2\istack-commons-runtime-4.1.2.jar;C:\Users\Admin\.m2\repository\jakarta\inject\jakarta.inject-api\2.0.1\jakarta.inject-api-2.0.1.jar;C:\Users\Admin\.m2\repository\org\antlr\antlr4-runtime\4.13.0\antlr4-runtime-4.13.0.jar;C:\Users\Admin\.m2\repository\org\springframework\data\spring-data-jpa\3.5.0\spring-data-jpa-3.5.0.jar;C:\Users\Admin\.m2\repository\org\springframework\spring-orm\6.2.7\spring-orm-6.2.7.jar;C:\Users\Admin\.m2\repository\org\springframework\spring-aop\6.2.7\spring-aop-6.2.7.jar;C:\Users\Admin\.m2\repository\org\springframework\spring-aspects\6.2.7\spring-aspects-6.2.7.jar;C:\Users\Admin\.m2\repository\org\aspectj\aspectjweaver\1.9.24\aspectjweaver-1.9.24.jar;C:\Users\Admin\.m2\repository\org\springdoc\springdoc-openapi-starter-webmvc-ui\2.8.5\springdoc-openapi-starter-webmvc-ui-2.8.5.jar;C:\Users\Admin\.m2\repository\org\springdoc\springdoc-openapi-starter-webmvc-api\2.8.5\springdoc-openapi-starter-webmvc-api-2.8.5.jar;C:\Users\Admin\.m2\repository\org\springdoc\springdoc-openapi-starter-common\2.8.5\springdoc-openapi-starter-common-2.8.5.jar;C:\Users\Admin\.m2\repository\io\swagger\core\v3\swagger-core-jakarta\2.2.28\swagger-core-jakarta-2.2.28.jar;C:\Users\Admin\.m2\repository\org\apache\commons\commons-lang3\3.17.0\commons-lang3-3.17.0.jar;C:\Users\Admin\.m2\repository\io\swagger\core\v3\swagger-annotations-jakarta\2.2.28\swagger-annotations-jakarta-2.2.28.jar;C:\Users\Admin\.m2\repository\io\swagger\core\v3\swagger-models-jakarta\2.2.28\swagger-models-jakarta-2.2.28.jar;C:\Users\Admin\.m2\repository\com\fasterxml\jackson\dataformat\jackson-dataformat-yaml\2.19.0\jackson-dataformat-yaml-2.19.0.jar;C:\Users\Admin\.m2\repository\org\webjars\swagger-ui\5.18.3\swagger-ui-5.18.3.jar;C:\Users\Admin\.m2\repository\org\webjars\webjars-locator-lite\1.1.0\webjars-locator-lite-1.1.0.jar;C:\Users\Admin\.m2\repository\org\jspecify\jspecify\1.0.0\jspecify-1.0.0.jar;C:\Users\Admin\.m2\repository\org\springframework\boot\spring-boot-starter-web\3.5.0\spring-boot-starter-web-3.5.0.jar;C:\Users\Admin\.m2\repository\org\springframework\boot\spring-boot-starter-json\3.5.0\spring-boot-starter-json-3.5.0.jar;C:\Users\Admin\.m2\repository\com\fasterxml\jackson\core\jackson-databind\2.19.0\jackson-databind-2.19.0.jar;C:\Users\Admin\.m2\repository\com\fasterxml\jackson\core\jackson-annotations\2.19.0\jackson-annotations-2.19.0.jar;C:\Users\Admin\.m2\repository\com\fasterxml\jackson\core\jackson-core\2.19.0\jackson-core-2.19.0.jar;C:\Users\Admin\.m2\repository\com\fasterxml\jackson\datatype\jackson-datatype-jdk8\2.19.0\jackson-datatype-jdk8-2.19.0.jar;C:\Users\Admin\.m2\repository\com\fasterxml\jackson\datatype\jackson-datatype-jsr310\2.19.0\jackson-datatype-jsr310-2.19.0.jar;C:\Users\Admin\.m2\repository\com\fasterxml\jackson\module\jackson-module-parameter-names\2.19.0\jackson-module-parameter-names-2.19.0.jar;C:\Users\Admin\.m2\repository\org\springframework\boot\spring-boot-starter-tomcat\3.5.0\spring-boot-starter-tomcat-3.5.0.jar;C:\Users\Admin\.m2\repository\org\apache\tomcat\embed\tomcat-embed-core\10.1.41\tomcat-embed-core-10.1.41.jar;C:\Users\Admin\.m2\repository\org\apache\tomcat\embed\tomcat-embed-websocket\10.1.41\tomcat-embed-websocket-10.1.41.jar;C:\Users\Admin\.m2\repository\org\springframework\spring-web\6.2.7\spring-web-6.2.7.jar;C:\Users\Admin\.m2\repository\io\micrometer\micrometer-observation\1.15.0\micrometer-observation-1.15.0.jar;C:\Users\Admin\.m2\repository\io\micrometer\micrometer-commons\1.15.0\micrometer-commons-1.15.0.jar;C:\Users\Admin\.m2\repository\org\springframework\spring-webmvc\6.2.7\spring-webmvc-6.2.7.jar;C:\Users\Admin\.m2\repository\org\springframework\spring-expression\6.2.7\spring-expression-6.2.7.jar;C:\Users\Admin\.m2\repository\org\springframework\boot\spring-boot-devtools\3.5.0\spring-boot-devtools-3.5.0.jar;C:\Users\Admin\.m2\repository\org\springframework\boot\spring-boot\3.5.0\spring-boot-3.5.0.jar;C:\Users\Admin\.m2\repository\org\springframework\boot\spring-boot-autoconfigure\3.5.0\spring-boot-autoconfigure-3.5.0.jar;C:\Users\Admin\.m2\repository\org\projectlombok\lombok\1.18.38\lombok-1.18.38.jar;C:\Users\Admin\.m2\repository\jakarta\xml\bind\jakarta.xml.bind-api\4.0.2\jakarta.xml.bind-api-4.0.2.jar;C:\Users\Admin\.m2\repository\org\springframework\spring-core\6.2.7\spring-core-6.2.7.jar;C:\Users\Admin\.m2\repository\org\springframework\spring-jcl\6.2.7\spring-jcl-6.2.7.jar;C:\Users\Admin\.m2\repository\org\springframework\boot\spring-boot-starter-validation\3.4.5\spring-boot-starter-validation-3.4.5.jar;C:\Users\Admin\.m2\repository\org\apache\tomcat\embed\tomcat-embed-el\10.1.41\tomcat-embed-el-10.1.41.jar;C:\Users\Admin\.m2\repository\org\hibernate\validator\hibernate-validator\8.0.2.Final\hibernate-validator-8.0.2.Final.jar;C:\Users\Admin\.m2\repository\jakarta\validation\jakarta.validation-api\3.0.2\jakarta.validation-api-3.0.2.jar;C:\Users\Admin\.m2\repository\com\microsoft\sqlserver\mssql-jdbc\12.6.1.jre11\mssql-jdbc-12.6.1.jre11.jar;C:\Users\Admin\.m2\repository\org\jetbrains\annotations\24.0.0\annotations-24.0.0.jar;C:\Program Files\JetBrains\IntelliJ IDEA 2025.1.2\lib\idea_rt.jar
Launcher Type: SUN_STANDARD

[Global flags]
     intx CICompilerCount                          = 12                                        {product} {ergonomic}
     uint ConcGCThreads                            = 4                                         {product} {ergonomic}
     uint G1ConcRefinementThreads                  = 14                                        {product} {ergonomic}
   size_t G1HeapRegionSize                         = 2097152                                   {product} {ergonomic}
   size_t InitialHeapSize                          = 262144000                                 {product} {ergonomic}
     bool ManagementServer                         = true                                      {product} {command line}
   size_t MarkStackSize                            = 4194304                                   {product} {ergonomic}
   size_t MarkStackSizeMax                         = 536870912                                 {product} {ergonomic}
   size_t MaxHeapSize                              = 4192206848                                {product} {ergonomic}
   size_t MaxNewSize                               = 2514485248                                {product} {ergonomic}
   size_t MinHeapDeltaBytes                        = 2097152                                   {product} {ergonomic}
   size_t MinHeapSize                              = 8388608                                   {product} {ergonomic}
    uintx NonNMethodCodeHeapSize                   = 4096                                   {pd product} {ergonomic}
    uintx NonProfiledCodeHeapSize                  = 0                                      {pd product} {ergonomic}
     bool ProfileInterpreter                       = false                                  {pd product} {command line}
    uintx ProfiledCodeHeapSize                     = 0                                      {pd product} {ergonomic}
   size_t SoftMaxHeapSize                          = 4192206848                             {manageable} {ergonomic}
     intx TieredStopAtLevel                        = 1                                         {product} {command line}
     bool UseCompressedOops                        = true                           {product lp64_product} {ergonomic}
     bool UseG1GC                                  = true                                      {product} {ergonomic}
     bool UseLargePagesIndividualAllocation        = false                                  {pd product} {ergonomic}

Logging:
Log output configuration:
 #0: stdout all=warning uptime,level,tags foldmultilines=false
 #1: stderr all=off uptime,level,tags foldmultilines=false

Environment Variables:
JAVA_HOME=C:\Program Files\Java\jdk-24
PATH=C:\WINDOWS\system32;C:\WINDOWS;C:\WINDOWS\System32\Wbem;C:\WINDOWS\System32\WindowsPowerShell\v1.0\;C:\WINDOWS\System32\OpenSSH\;C:\Program Files (x86)\Microsoft SQL Server\160\Tools\Binn\;C:\Program Files\Microsoft SQL Server\160\Tools\Binn\;C:\Program Files\Microsoft SQL Server\Client SDK\ODBC\170\Tools\Binn\;C:\Program Files\Microsoft SQL Server\160\DTS\Binn\;C:\Program Files (x86)\Microsoft SQL Server\160\DTS\Binn\;C:\Program Files\Java\jdk-24\BIN;C:\Program Files\Git\cmd;C:\Program Files\Microsoft Office\root\Office16;C:\Program Files\apache-maven-3.9.9\BIN;C:\Program Files\nodejs\;C:\Program Files\Google\Chrome\Application;C:\Program Files\Microsoft Office\root\Office16;C:\Program Files\JetBrains\IntelliJ IDEA 2025.1.2;C:\Program Files (x86)\Microsoft SQL Server Management Studio 20\Common7\IDE;C:\Users\Admin\AppData\Local\Programs\Zalo\Zalo-25.6.1\plugins\capture;C:\Users\Admin\AppData\Local\Microsoft\WindowsApps;C:\Users\Admin\AppData\Local\Programs\Microsoft VS Code\bin;C:\Program Files\JetBrains\IntelliJ IDEA 2025.1.2\bin;;C:\Program Files\IntelliJ\IntelliJ IDEA Community Edition 2025.1.1.1\bin;;C:\Users\Admin\AppData\Local\GitHubDesktop\bin;C:\Users\Admin\AppData\Local\Programs\cursor\resources\app\bin;C:\Users\Admin\AppData\Roaming\npm
USERNAME=Admin
OS=Windows_NT
PROCESSOR_IDENTIFIER=Intel64 Family 6 Model 170 Stepping 4, GenuineIntel
TMP=C:\Users\Admin\AppData\Local\Temp
TEMP=C:\Users\Admin\AppData\Local\Temp




Periodic native trim disabled

---------------  S Y S T E M  ---------------

OS:
 Windows 11 , 64 bit Build 26100 (10.0.26100.4484)
OS uptime: 0 days 13:41 hours
Hyper-V role detected

CPU: total 18 (initial active 18) (9 cores per cpu, 2 threads per core) family 6 model 170 stepping 4 microcode 0x1c, cx8, cmov, fxsr, ht, mmx, 3dnowpref, sse, sse2, sse3, ssse3, sse4.1, sse4.2, popcnt, lzcnt, tsc, tscinvbit, avx, avx2, aes, erms, clmul, bmi1, bmi2, adx, sha, fma, vzeroupper, clflush, clflushopt, clwb, hv, serialize, rdtscp, rdpid, fsrm, gfni, f16c, cet_ibt, cet_ss
Processor Information for processor 0
  Max Mhz: 1200, Current Mhz: 1200, Mhz Limit: 1200
Processor Information for processor 1
  Max Mhz: 1200, Current Mhz: 1200, Mhz Limit: 1200
Processor Information for processor 2
  Max Mhz: 700, Current Mhz: 700, Mhz Limit: 700
Processor Information for processor 3
  Max Mhz: 700, Current Mhz: 700, Mhz Limit: 700
Processor Information for processor 4
  Max Mhz: 700, Current Mhz: 700, Mhz Limit: 700
Processor Information for processor 5
  Max Mhz: 700, Current Mhz: 700, Mhz Limit: 700
Processor Information for processor 6
  Max Mhz: 700, Current Mhz: 700, Mhz Limit: 700
Processor Information for processor 7
  Max Mhz: 700, Current Mhz: 700, Mhz Limit: 700
Processor Information for processor 8
  Max Mhz: 700, Current Mhz: 700, Mhz Limit: 700
Processor Information for processor 9
  Max Mhz: 700, Current Mhz: 700, Mhz Limit: 700
Processor Information for processor 10
  Max Mhz: 1200, Current Mhz: 1200, Mhz Limit: 1200
Processor Information for processor 11
  Max Mhz: 1200, Current Mhz: 1200, Mhz Limit: 1200
Processor Information for processor 12
  Max Mhz: 1200, Current Mhz: 1200, Mhz Limit: 1200
Processor Information for processor 13
  Max Mhz: 1200, Current Mhz: 1200, Mhz Limit: 1200
Processor Information for processor 14
  Max Mhz: 1200, Current Mhz: 1200, Mhz Limit: 1200
Processor Information for processor 15
  Max Mhz: 1200, Current Mhz: 1200, Mhz Limit: 1200
Processor Information for processor 16
  Max Mhz: 700, Current Mhz: 700, Mhz Limit: 700
Processor Information for processor 17
  Max Mhz: 700, Current Mhz: 700, Mhz Limit: 700

Memory: 4k page, system-wide physical 15989M (4020M free)
TotalPageFile size 22901M (AvailPageFile size 6637M)
current process WorkingSet (physical memory assigned to process): 380M, peak: 380M
current process commit charge ("private bytes"): 443M, peak: 443M

vm_info: Java HotSpot(TM) 64-Bit Server VM (24.0.1+9-30) for windows-amd64 JRE (24.0.1+9-30), built on 2025-03-05T07:23:45Z with MS VC++ 17.6 (VS2022)

END.
